{"meta": {"format": 3, "version": "7.13.5", "timestamp": "2026-03-29T15:41:23.031175", "branch_coverage": false, "show_contexts": false}, "files": {"app/__init__.py": {"executed_lines": [], "summary": {"covered_lines": 0, "num_statements": 0, "percent_covered": 100.0, "percent_covered_display": "100", "missing_lines": 0, "excluded_lines": 0, "percent_statements_covered": 100.0, "percent_statements_covered_display": "100"}, "missing_lines": [], "excluded_lines": [], "functions": {"": {"executed_lines": [], "summary": {"covered_lines": 0, "num_statements": 0, "percent_covered": 100.0, "percent_covered_display": "100", "missing_lines": 0, "excluded_lines": 0, "percent_statements_covered": 100.0, "percent_statements_covered_display": "100"}, "missing_lines": [], "excluded_lines": [], "start_line": 1}}, "classes": {"": {"executed_lines": [], "summary": {"covered_lines": 0, "num_statements": 0, "percent_covered": 100.0, "percent_covered_display": "100", "missing_lines": 0, "excluded_lines": 0, "percent_statements_covered": 100.0, "percent_statements_covered_display": "100"}, "missing_lines": [], "excluded_lines": [], "start_line": 1}}}, "app/api/__init__.py": {"executed_lines": [], "summary": {"covered_lines": 0, "num_statements": 0, "percent_covered": 100.0, "percent_covered_display": "100", "missing_lines": 0, "excluded_lines": 0, "percent_statements_covered": 100.0, "percent_statements_covered_display": "100"}, "missing_lines": [], "excluded_lines": [], "functions": {"": {"executed_lines": [], "summary": {"covered_lines": 0, "num_statements": 0, "percent_covered": 100.0, "percent_covered_display": "100", "missing_lines": 0, "excluded_lines": 0, "percent_statements_covered": 100.0, "percent_statements_covered_display": "100"}, "missing_lines": [], "excluded_lines": [], "start_line": 1}}, "classes": {"": {"executed_lines": [], "summary": {"covered_lines": 0, "num_statements": 0, "percent_covered": 100.0, "percent_covered_display": "100", "missing_lines": 0, "excluded_lines": 0, "percent_statements_covered": 100.0, "percent_statements_covered_display": "100"}, "missing_lines": [], "excluded_lines": [], "start_line": 1}}}, "app/api/app.py": {"executed_lines": [1, 2, 4, 5, 6, 8, 9, 10, 11, 13, 16, 17, 23, 24, 29, 35, 36, 37, 40, 41, 43, 46], "summary": {"covered_lines": 22, "num_statements": 23, "percent_covered": 95.65217391304348, "percent_covered_display": "96", "missing_lines": 1, "excluded_lines": 0, "percent_statements_covered": 95.65217391304348, "percent_statements_covered_display": "96"}, "missing_lines": [19], "excluded_lines": [], "functions": {"lifespan": {"executed_lines": [], "summary": {"covered_lines": 0, "num_statements": 1, "percent_covered": 0.0, "percent_covered_display": "0", "missing_lines": 1, "excluded_lines": 0, "percent_statements_covered": 0.0, "percent_statements_covered_display": "0"}, "missing_lines": [19], "excluded_lines": [], "start_line": 17}, "create_fastapi_app": {"executed_lines": [24, 29, 35, 36, 37, 40, 41, 43], "summary": {"covered_lines": 8, "num_statements": 8, "percent_covered": 100.0, "percent_covered_display": "100", "missing_lines": 0, "excluded_lines": 0, "percent_statements_covered": 100.0, "percent_statements_covered_display": "100"}, "missing_lines": [], "excluded_lines": [], "start_line": 23}, "": {"executed_lines": [1, 2, 4, 5, 6, 8, 9, 10, 11, 13, 16, 17, 23, 46], "summary": {"covered_lines": 14, "num_statements": 14, "percent_covered": 100.0, "percent_covered_display": "100", "missing_lines": 0, "excluded_lines": 0, "percent_statements_covered": 100.0, "percent_statements_covered_display": "100"}, "missing_lines": [], "excluded_lines": [], "start_line": 1}}, "classes": {"": {"executed_lines": [1, 2, 4, 5, 6, 8, 9, 10, 11, 13, 16, 17, 23, 24, 29, 35, 36, 37, 40, 41, 43, 46], "summary": {"covered_lines": 22, "num_statements": 23, "percent_covered": 95.65217391304348, "percent_covered_display": "96", "missing_lines": 1, "excluded_lines": 0, "percent_statements_covered": 95.65217391304348, "percent_statements_covered_display": "96"}, "missing_lines": [19], "excluded_lines": [], "start_line": 1}}}, "app/api/routers/__init__.py": {"executed_lines": [], "summary": {"covered_lines": 0, "num_statements": 0, "percent_covered": 100.0, "percent_covered_display": "100", "missing_lines": 0, "excluded_lines": 0, "percent_statements_covered": 100.0, "percent_statements_covered_display": "100"}, "missing_lines": [], "excluded_lines": [], "functions": {"": {"executed_lines": [], "summary": {"covered_lines": 0, "num_statements": 0, "percent_covered": 100.0, "percent_covered_display": "100", "missing_lines": 0, "excluded_lines": 0, "percent_statements_covered": 100.0, "percent_statements_covered_display": "100"}, "missing_lines": [], "excluded_lines": [], "start_line": 1}}, "classes": {"": {"executed_lines": [], "summary": {"covered_lines": 0, "num_statements": 0, "percent_covered": 100.0, "percent_covered_display": "100", "missing_lines": 0, "excluded_lines": 0, "percent_statements_covered": 100.0, "percent_statements_covered_display": "100"}, "missing_lines": [], "excluded_lines": [], "start_line": 1}}}, "app/api/routers/achievements.py": {"executed_lines": [1, 2, 4, 5, 6, 8, 9, 10, 11, 12, 13, 14, 15, 16, 17, 18, 19, 25, 27, 29, 31, 34, 37, 39, 40, 41, 42, 47, 50, 55, 56, 58, 59, 61, 64, 66, 72, 73, 83, 84, 86, 95, 99, 105, 106, 108, 113, 117, 123, 124, 126, 131, 136, 143, 144, 146, 165, 169, 176, 185, 189, 198, 199, 200, 205, 209, 218, 219, 222, 226, 231, 232, 234, 237, 241, 246, 247, 249, 252, 256, 264, 265, 267], "summary": {"covered_lines": 83, "num_statements": 115, "percent_covered": 72.17391304347827, "percent_covered_display": "72", "missing_lines": 32, "excluded_lines": 0, "percent_statements_covered": 72.17391304347827, "percent_statements_covered_display": "72"}, "missing_lines": [38, 43, 44, 57, 60, 67, 68, 69, 87, 107, 109, 110, 125, 127, 128, 145, 147, 148, 149, 150, 151, 152, 153, 154, 155, 177, 178, 179, 180, 233, 248, 266], "excluded_lines": [], "functions": {"_get_current_user_id": {"executed_lines": [37, 39, 40, 41, 42], "summary": {"covered_lines": 5, "num_statements": 8, "percent_covered": 62.5, "percent_covered_display": "62", "missing_lines": 3, "excluded_lines": 0, "percent_statements_covered": 62.5, "percent_statements_covered_display": "62"}, "missing_lines": [38, 43, 44], "excluded_lines": [], "start_line": 34}, "_validate_group_user": {"executed_lines": [55, 56, 58, 59, 61], "summary": {"covered_lines": 5, "num_statements": 7, "percent_covered": 71.42857142857143, "percent_covered_display": "71", "missing_lines": 2, "excluded_lines": 0, "percent_statements_covered": 71.42857142857143, "percent_statements_covered_display": "71"}, "missing_lines": [57, 60], "excluded_lines": [], "start_line": 50}, "_resolve_me": {"executed_lines": [66], "summary": {"covered_lines": 1, "num_statements": 4, "percent_covered": 25.0, "percent_covered_display": "25", "missing_lines": 3, "excluded_lines": 0, "percent_statements_covered": 25.0, "percent_statements_covered_display": "25"}, "missing_lines": [67, 68, 69], "excluded_lines": [], "start_line": 64}, "_claim_to_out": {"executed_lines": [73], "summary": {"covered_lines": 1, "num_statements": 1, "percent_covered": 100.0, "percent_covered_display": "100", "missing_lines": 0, "excluded_lines": 0, "percent_statements_covered": 100.0, "percent_statements_covered_display": "100"}, "missing_lines": [], "excluded_lines": [], "start_line": 72}, "list_groups": {"executed_lines": [86], "summary": {"covered_lines": 1, "num_statements": 2, "percent_covered": 50.0, "percent_covered_display": "50", "missing_lines": 1, "excluded_lines": 0, "percent_statements_covered": 50.0, "percent_statements_covered_display": "50"}, "missing_lines": [87], "excluded_lines": [], "start_line": 84}, "my_achievement_tree": {"executed_lines": [105, 106, 108], "summary": {"covered_lines": 3, "num_statements": 6, "percent_covered": 50.0, "percent_covered_display": "50", "missing_lines": 3, "excluded_lines": 0, "percent_statements_covered": 50.0, "percent_statements_covered_display": "50"}, "missing_lines": [107, 109, 110], "excluded_lines": [], "start_line": 99}, "my_claims": {"executed_lines": [123, 124, 126], "summary": {"covered_lines": 3, "num_statements": 6, "percent_covered": 50.0, "percent_covered_display": "50", "missing_lines": 3, "excluded_lines": 0, "percent_statements_covered": 50.0, "percent_statements_covered_display": "50"}, "missing_lines": [125, 127, 128], "excluded_lines": [], "start_line": 117}, "create_claim": {"executed_lines": [143, 144, 146], "summary": {"covered_lines": 3, "num_statements": 13, "percent_covered": 23.076923076923077, "percent_covered_display": "23", "missing_lines": 10, "excluded_lines": 0, "percent_statements_covered": 23.076923076923077, "percent_statements_covered_display": "23"}, "missing_lines": [145, 147, 148, 149, 150, 151, 152, 153, 154, 155], "excluded_lines": [], "start_line": 136}, "delete_claim": {"executed_lines": [176], "summary": {"covered_lines": 1, "num_statements": 5, "percent_covered": 20.0, "percent_covered_display": "20", "missing_lines": 4, "excluded_lines": 0, "percent_statements_covered": 20.0, "percent_statements_covered_display": "20"}, "missing_lines": [177, 178, 179, 180], "excluded_lines": [], "start_line": 169}, "achievement_tree": {"executed_lines": [198, 199, 200], "summary": {"covered_lines": 3, "num_statements": 3, "percent_covered": 100.0, "percent_covered_display": "100", "missing_lines": 0, "excluded_lines": 0, "percent_statements_covered": 100.0, "percent_statements_covered_display": "100"}, "missing_lines": [], "excluded_lines": [], "start_line": 189}, "user_achievements": {"executed_lines": [218, 219], "summary": {"covered_lines": 2, "num_statements": 2, "percent_covered": 100.0, "percent_covered_display": "100", "missing_lines": 0, "excluded_lines": 0, "percent_statements_covered": 100.0, "percent_statements_covered_display": "100"}, "missing_lines": [], "excluded_lines": [], "start_line": 209}, "group_categories": {"executed_lines": [231, 232, 234], "summary": {"covered_lines": 3, "num_statements": 4, "percent_covered": 75.0, "percent_covered_display": "75", "missing_lines": 1, "excluded_lines": 0, "percent_statements_covered": 75.0, "percent_statements_covered_display": "75"}, "missing_lines": [233], "excluded_lines": [], "start_line": 226}, "group_members": {"executed_lines": [246, 247, 249], "summary": {"covered_lines": 3, "num_statements": 4, "percent_covered": 75.0, "percent_covered_display": "75", "missing_lines": 1, "excluded_lines": 0, "percent_statements_covered": 75.0, "percent_statements_covered_display": "75"}, "missing_lines": [248], "excluded_lines": [], "start_line": 241}, "aggregate_tree": {"executed_lines": [264, 265, 267], "summary": {"covered_lines": 3, "num_statements": 4, "percent_covered": 75.0, "percent_covered_display": "75", "missing_lines": 1, "excluded_lines": 0, "percent_statements_covered": 75.0, "percent_statements_covered_display": "75"}, "missing_lines": [266], "excluded_lines": [], "start_line": 256}, "": {"executed_lines": [1, 2, 4, 5, 6, 8, 9, 10, 11, 12, 13, 14, 15, 16, 17, 18, 19, 25, 27, 29, 31, 34, 47, 50, 64, 72, 83, 84, 95, 99, 113, 117, 131, 136, 165, 169, 185, 189, 205, 209, 222, 226, 237, 241, 252, 256], "summary": {"covered_lines": 46, "num_statements": 46, "percent_covered": 100.0, "percent_covered_display": "100", "missing_lines": 0, "excluded_lines": 0, "percent_statements_covered": 100.0, "percent_statements_covered_display": "100"}, "missing_lines": [], "excluded_lines": [], "start_line": 1}}, "classes": {"": {"executed_lines": [1, 2, 4, 5, 6, 8, 9, 10, 11, 12, 13, 14, 15, 16, 17, 18, 19, 25, 27, 29, 31, 34, 37, 39, 40, 41, 42, 47, 50, 55, 56, 58, 59, 61, 64, 66, 72, 73, 83, 84, 86, 95, 99, 105, 106, 108, 113, 117, 123, 124, 126, 131, 136, 143, 144, 146, 165, 169, 176, 185, 189, 198, 199, 200, 205, 209, 218, 219, 222, 226, 231, 232, 234, 237, 241, 246, 247, 249, 252, 256, 264, 265, 267], "summary": {"covered_lines": 83, "num_statements": 115, "percent_covered": 72.17391304347827, "percent_covered_display": "72", "missing_lines": 32, "excluded_lines": 0, "percent_statements_covered": 72.17391304347827, "percent_statements_covered_display": "72"}, "missing_lines": [38, 43, 44, 57, 60, 67, 68, 69, 87, 107, 109, 110, 125, 127, 128, 145, 147, 148, 149, 150, 151, 152, 153, 154, 155, 177, 178, 179, 180, 233, 248, 266], "excluded_lines": [], "start_line": 1}}}, "app/api/routers/admin.py": {"executed_lines": [6, 7, 9, 10, 11, 12, 14, 15, 16, 17, 18, 31, 42, 44, 45, 48, 67, 72, 111, 112, 117, 118, 128, 129, 143, 144, 149, 150, 179, 180, 197, 198, 208, 209, 230, 231], "summary": {"covered_lines": 36, "num_statements": 127, "percent_covered": 28.346456692913385, "percent_covered_display": "28", "missing_lines": 91, "excluded_lines": 0, "percent_statements_covered": 28.346456692913385, "percent_statements_covered_display": "28"}, "missing_lines": [51, 52, 53, 54, 55, 56, 57, 58, 59, 60, 61, 62, 63, 64, 74, 79, 83, 84, 85, 86, 87, 113, 114, 119, 120, 121, 122, 123, 124, 125, 130, 131, 132, 133, 134, 135, 136, 137, 138, 145, 146, 151, 152, 153, 154, 155, 156, 174, 175, 176, 181, 182, 183, 184, 185, 186, 187, 188, 189, 190, 191, 192, 193, 194, 199, 200, 201, 202, 203, 212, 213, 214, 215, 216, 217, 218, 219, 220, 221, 222, 223, 224, 225, 226, 227, 234, 235, 236, 237, 238, 239], "excluded_lines": [], "functions": {"_require_admin": {"executed_lines": [], "summary": {"covered_lines": 0, "num_statements": 14, "percent_covered": 0.0, "percent_covered_display": "0", "missing_lines": 14, "excluded_lines": 0, "percent_statements_covered": 0.0, "percent_statements_covered_display": "0"}, "missing_lines": [51, 52, 53, 54, 55, 56, 57, 58, 59, 60, 61, 62, 63, 64], "excluded_lines": [], "start_line": 48}, "_ach_to_out": {"executed_lines": [], "summary": {"covered_lines": 0, "num_statements": 7, "percent_covered": 0.0, "percent_covered_display": "0", "missing_lines": 7, "excluded_lines": 0, "percent_statements_covered": 0.0, "percent_statements_covered_display": "0"}, "missing_lines": [74, 79, 83, 84, 85, 86, 87], "excluded_lines": [], "start_line": 72}, "list_categories": {"executed_lines": [], "summary": {"covered_lines": 0, "num_statements": 2, "percent_covered": 0.0, "percent_covered_display": "0", "missing_lines": 2, "excluded_lines": 0, "percent_statements_covered": 0.0, "percent_statements_covered_display": "0"}, "missing_lines": [113, 114], "excluded_lines": [], "start_line": 112}, "create_category_endpoint": {"executed_lines": [], "summary": {"covered_lines": 0, "num_statements": 7, "percent_covered": 0.0, "percent_covered_display": "0", "missing_lines": 7, "excluded_lines": 0, "percent_statements_covered": 0.0, "percent_statements_covered_display": "0"}, "missing_lines": [119, 120, 121, 122, 123, 124, 125], "excluded_lines": [], "start_line": 118}, "update_category_endpoint": {"executed_lines": [], "summary": {"covered_lines": 0, "num_statements": 9, "percent_covered": 0.0, "percent_covered_display": "0", "missing_lines": 9, "excluded_lines": 0, "percent_statements_covered": 0.0, "percent_statements_covered_display": "0"}, "missing_lines": [130, 131, 132, 133, 134, 135, 136, 137, 138], "excluded_lines": [], "start_line": 129}, "list_achievements": {"executed_lines": [], "summary": {"covered_lines": 0, "num_statements": 2, "percent_covered": 0.0, "percent_covered_display": "0", "missing_lines": 2, "excluded_lines": 0, "percent_statements_covered": 0.0, "percent_statements_covered_display": "0"}, "missing_lines": [145, 146], "excluded_lines": [], "start_line": 144}, "create_achievement_endpoint": {"executed_lines": [], "summary": {"covered_lines": 0, "num_statements": 9, "percent_covered": 0.0, "percent_covered_display": "0", "missing_lines": 9, "excluded_lines": 0, "percent_statements_covered": 0.0, "percent_statements_covered_display": "0"}, "missing_lines": [151, 152, 153, 154, 155, 156, 174, 175, 176], "excluded_lines": [], "start_line": 150}, "update_achievement_endpoint": {"executed_lines": [], "summary": {"covered_lines": 0, "num_statements": 14, "percent_covered": 0.0, "percent_covered_display": "0", "missing_lines": 14, "excluded_lines": 0, "percent_statements_covered": 0.0, "percent_statements_covered_display": "0"}, "missing_lines": [181, 182, 183, 184, 185, 186, 187, 188, 189, 190, 191, 192, 193, 194], "excluded_lines": [], "start_line": 180}, "deactivate_achievement_endpoint": {"executed_lines": [], "summary": {"covered_lines": 0, "num_statements": 5, "percent_covered": 0.0, "percent_covered_display": "0", "missing_lines": 5, "excluded_lines": 0, "percent_statements_covered": 0.0, "percent_statements_covered_display": "0"}, "missing_lines": [199, 200, 201, 202, 203], "excluded_lines": [], "start_line": 198}, "add_prerequisite_endpoint": {"executed_lines": [], "summary": {"covered_lines": 0, "num_statements": 16, "percent_covered": 0.0, "percent_covered_display": "0", "missing_lines": 16, "excluded_lines": 0, "percent_statements_covered": 0.0, "percent_statements_covered_display": "0"}, "missing_lines": [212, 213, 214, 215, 216, 217, 218, 219, 220, 221, 222, 223, 224, 225, 226, 227], "excluded_lines": [], "start_line": 209}, "remove_prerequisite_endpoint": {"executed_lines": [], "summary": {"covered_lines": 0, "num_statements": 6, "percent_covered": 0.0, "percent_covered_display": "0", "missing_lines": 6, "excluded_lines": 0, "percent_statements_covered": 0.0, "percent_statements_covered_display": "0"}, "missing_lines": [234, 235, 236, 237, 238, 239], "excluded_lines": [], "start_line": 231}, "": {"executed_lines": [6, 7, 9, 10, 11, 12, 14, 15, 16, 17, 18, 31, 42, 44, 45, 48, 67, 72, 111, 112, 117, 118, 128, 129, 143, 144, 149, 150, 179, 180, 197, 198, 208, 209, 230, 231], "summary": {"covered_lines": 36, "num_statements": 36, "percent_covered": 100.0, "percent_covered_display": "100", "missing_lines": 0, "excluded_lines": 0, "percent_statements_covered": 100.0, "percent_statements_covered_display": "100"}, "missing_lines": [], "excluded_lines": [], "start_line": 1}}, "classes": {"": {"executed_lines": [6, 7, 9, 10, 11, 12, 14, 15, 16, 17, 18, 31, 42, 44, 45, 48, 67, 72, 111, 112, 117, 118, 128, 129, 143, 144, 149, 150, 179, 180, 197, 198, 208, 209, 230, 231], "summary": {"covered_lines": 36, "num_statements": 127, "percent_covered": 28.346456692913385, "percent_covered_display": "28", "missing_lines": 91, "excluded_lines": 0, "percent_statements_covered": 28.346456692913385, "percent_statements_covered_display": "28"}, "missing_lines": [51, 52, 53, 54, 55, 56, 57, 58, 59, 60, 61, 62, 63, 64, 74, 79, 83, 84, 85, 86, 87, 113, 114, 119, 120, 121, 122, 123, 124, 125, 130, 131, 132, 133, 134, 135, 136, 137, 138, 145, 146, 151, 152, 153, 154, 155, 156, 174, 175, 176, 181, 182, 183, 184, 185, 186, 187, 188, 189, 190, 191, 192, 193, 194, 199, 200, 201, 202, 203, 212, 213, 214, 215, 216, 217, 218, 219, 220, 221, 222, 223, 224, 225, 226, 227, 234, 235, 236, 237, 238, 239], "excluded_lines": [], "start_line": 1}}}, "app/api/routers/auth.py": {"executed_lines": [1, 2, 4, 5, 7, 10, 11, 12, 15, 16, 17, 18, 21, 22], "summary": {"covered_lines": 14, "num_statements": 23, "percent_covered": 60.869565217391305, "percent_covered_display": "61", "missing_lines": 9, "excluded_lines": 0, "percent_statements_covered": 60.869565217391305, "percent_statements_covered_display": "61"}, "missing_lines": [23, 24, 25, 26, 27, 28, 29, 30, 31], "excluded_lines": [], "functions": {"auth": {"executed_lines": [], "summary": {"covered_lines": 0, "num_statements": 9, "percent_covered": 0.0, "percent_covered_display": "0", "missing_lines": 9, "excluded_lines": 0, "percent_statements_covered": 0.0, "percent_statements_covered_display": "0"}, "missing_lines": [23, 24, 25, 26, 27, 28, 29, 30, 31], "excluded_lines": [], "start_line": 22}, "": {"executed_lines": [1, 2, 4, 5, 7, 10, 11, 12, 15, 16, 17, 18, 21, 22], "summary": {"covered_lines": 14, "num_statements": 14, "percent_covered": 100.0, "percent_covered_display": "100", "missing_lines": 0, "excluded_lines": 0, "percent_statements_covered": 100.0, "percent_statements_covered_display": "100"}, "missing_lines": [], "excluded_lines": [], "start_line": 1}}, "classes": {"AuthRequest": {"executed_lines": [], "summary": {"covered_lines": 0, "num_statements": 0, "percent_covered": 100.0, "percent_covered_display": "100", "missing_lines": 0, "excluded_lines": 0, "percent_statements_covered": 100.0, "percent_statements_covered_display": "100"}, "missing_lines": [], "excluded_lines": [], "start_line": 10}, "AuthResponse": {"executed_lines": [], "summary": {"covered_lines": 0, "num_statements": 0, "percent_covered": 100.0, "percent_covered_display": "100", "missing_lines": 0, "excluded_lines": 0, "percent_statements_covered": 100.0, "percent_statements_covered_display": "100"}, "missing_lines": [], "excluded_lines": [], "start_line": 15}, "": {"executed_lines": [1, 2, 4, 5, 7, 10, 11, 12, 15, 16, 17, 18, 21, 22], "summary": {"covered_lines": 14, "num_statements": 23, "percent_covered": 60.869565217391305, "percent_covered_display": "61", "missing_lines": 9, "excluded_lines": 0, "percent_statements_covered": 60.869565217391305, "percent_statements_covered_display": "61"}, "missing_lines": [23, 24, 25, 26, 27, 28, 29, 30, 31], "excluded_lines": [], "start_line": 1}}}, "app/bot/__init__.py": {"executed_lines": [], "summary": {"covered_lines": 0, "num_statements": 0, "percent_covered": 100.0, "percent_covered_display": "100", "missing_lines": 0, "excluded_lines": 0, "percent_statements_covered": 100.0, "percent_statements_covered_display": "100"}, "missing_lines": [], "excluded_lines": [], "functions": {"": {"executed_lines": [], "summary": {"covered_lines": 0, "num_statements": 0, "percent_covered": 100.0, "percent_covered_display": "100", "missing_lines": 0, "excluded_lines": 0, "percent_statements_covered": 100.0, "percent_statements_covered_display": "100"}, "missing_lines": [], "excluded_lines": [], "start_line": 1}}, "classes": {"": {"executed_lines": [], "summary": {"covered_lines": 0, "num_statements": 0, "percent_covered": 100.0, "percent_covered_display": "100", "missing_lines": 0, "excluded_lines": 0, "percent_statements_covered": 100.0, "percent_statements_covered_display": "100"}, "missing_lines": [], "excluded_lines": [], "start_line": 1}}}, "app/bot/application.py": {"executed_lines": [], "summary": {"covered_lines": 0, "num_statements": 27, "percent_covered": 0.0, "percent_covered_display": "0", "missing_lines": 27, "excluded_lines": 0, "percent_statements_covered": 0.0, "percent_statements_covered_display": "0"}, "missing_lines": [3, 5, 6, 8, 9, 10, 12, 15, 16, 19, 20, 36, 39, 40, 47, 48, 51, 58, 65, 72, 79, 86, 93, 100, 103, 105, 106], "excluded_lines": [], "functions": {"ping": {"executed_lines": [], "summary": {"covered_lines": 0, "num_statements": 1, "percent_covered": 0.0, "percent_covered_display": "0", "missing_lines": 1, "excluded_lines": 0, "percent_statements_covered": 0.0, "percent_statements_covered_display": "0"}, "missing_lines": [16], "excluded_lines": [], "start_line": 15}, "help_command": {"executed_lines": [], "summary": {"covered_lines": 0, "num_statements": 2, "percent_covered": 0.0, "percent_covered_display": "0", "missing_lines": 2, "excluded_lines": 0, "percent_statements_covered": 0.0, "percent_statements_covered_display": "0"}, "missing_lines": [20, 36], "excluded_lines": [], "start_line": 19}, "create_application": {"executed_lines": [], "summary": {"covered_lines": 0, "num_statements": 14, "percent_covered": 0.0, "percent_covered_display": "0", "missing_lines": 14, "excluded_lines": 0, "percent_statements_covered": 0.0, "percent_statements_covered_display": "0"}, "missing_lines": [40, 47, 48, 51, 58, 65, 72, 79, 86, 93, 100, 103, 105, 106], "excluded_lines": [], "start_line": 39}, "": {"executed_lines": [], "summary": {"covered_lines": 0, "num_statements": 10, "percent_covered": 0.0, "percent_covered_display": "0", "missing_lines": 10, "excluded_lines": 0, "percent_statements_covered": 0.0, "percent_statements_covered_display": "0"}, "missing_lines": [3, 5, 6, 8, 9, 10, 12, 15, 19, 39], "excluded_lines": [], "start_line": 1}}, "classes": {"": {"executed_lines": [], "summary": {"covered_lines": 0, "num_statements": 27, "percent_covered": 0.0, "percent_covered_display": "0", "missing_lines": 27, "excluded_lines": 0, "percent_statements_covered": 0.0, "percent_statements_covered_display": "0"}, "missing_lines": [3, 5, 6, 8, 9, 10, 12, 15, 16, 19, 20, 36, 39, 40, 47, 48, 51, 58, 65, 72, 79, 86, 93, 100, 103, 105, 106], "excluded_lines": [], "start_line": 1}}}, "app/bot/handlers/__init__.py": {"executed_lines": [], "summary": {"covered_lines": 0, "num_statements": 0, "percent_covered": 100.0, "percent_covered_display": "100", "missing_lines": 0, "excluded_lines": 0, "percent_statements_covered": 100.0, "percent_statements_covered_display": "100"}, "missing_lines": [], "excluded_lines": [], "functions": {"": {"executed_lines": [], "summary": {"covered_lines": 0, "num_statements": 0, "percent_covered": 100.0, "percent_covered_display": "100", "missing_lines": 0, "excluded_lines": 0, "percent_statements_covered": 100.0, "percent_statements_covered_display": "100"}, "missing_lines": [], "excluded_lines": [], "start_line": 1}}, "classes": {"": {"executed_lines": [], "summary": {"covered_lines": 0, "num_statements": 0, "percent_covered": 100.0, "percent_covered_display": "100", "missing_lines": 0, "excluded_lines": 0, "percent_statements_covered": 100.0, "percent_statements_covered_display": "100"}, "missing_lines": [], "excluded_lines": [], "start_line": 1}}}, "app/bot/handlers/admin_panel.py": {"executed_lines": [], "summary": {"covered_lines": 0, "num_statements": 430, "percent_covered": 0.0, "percent_covered_display": "0", "missing_lines": 430, "excluded_lines": 0, "percent_statements_covered": 0.0, "percent_statements_covered_display": "0"}, "missing_lines": [3, 4, 6, 7, 8, 16, 17, 28, 29, 30, 31, 32, 42, 44, 58, 59, 60, 65, 73, 74, 75, 76, 78, 79, 80, 81, 82, 83, 84, 86, 94, 95, 96, 97, 98, 103, 111, 112, 113, 114, 116, 117, 119, 120, 125, 127, 128, 129, 130, 132, 133, 134, 135, 136, 137, 138, 139, 140, 145, 148, 150, 152, 153, 154, 155, 156, 157, 158, 159, 161, 169, 170, 173, 174, 177, 180, 182, 183, 184, 185, 186, 188, 189, 190, 191, 192, 194, 195, 196, 197, 198, 199, 200, 201, 206, 207, 208, 211, 212, 213, 214, 215, 216, 222, 223, 224, 225, 233, 234, 235, 236, 237, 242, 245, 246, 247, 248, 249, 250, 251, 252, 253, 254, 255, 260, 261, 262, 263, 264, 278, 279, 280, 281, 282, 283, 293, 294, 295, 296, 297, 298, 303, 311, 312, 313, 314, 316, 317, 319, 320, 325, 327, 328, 329, 330, 335, 337, 338, 339, 340, 342, 350, 351, 352, 353, 355, 356, 358, 359, 361, 362, 364, 365, 366, 367, 368, 369, 371, 372, 373, 374, 375, 376, 377, 378, 379, 380, 381, 382, 383, 384, 387, 388, 391, 393, 394, 395, 396, 399, 401, 402, 403, 404, 405, 406, 407, 408, 409, 410, 412, 413, 414, 415, 416, 417, 418, 419, 420, 421, 424, 430, 431, 432, 433, 434, 436, 444, 445, 448, 449, 452, 455, 456, 457, 458, 459, 460, 461, 462, 463, 466, 467, 468, 478, 479, 480, 481, 486, 494, 495, 496, 497, 500, 501, 502, 504, 505, 506, 507, 508, 510, 511, 512, 513, 514, 516, 517, 518, 519, 520, 521, 525, 527, 528, 529, 530, 531, 533, 534, 535, 536, 537, 538, 539, 540, 544, 546, 547, 548, 549, 550, 551, 552, 554, 557, 558, 559, 561, 562, 563, 564, 565, 567, 568, 569, 570, 574, 576, 577, 578, 580, 581, 584, 585, 586, 587, 588, 590, 591, 592, 593, 594, 595, 600, 602, 603, 604, 605, 606, 610, 612, 613, 614, 615, 616, 617, 619, 620, 621, 622, 623, 624, 628, 629, 630, 632, 633, 635, 638, 639, 640, 641, 642, 643, 644, 645, 646, 647, 648, 649, 661, 662, 663, 664, 665, 668, 669, 670, 671, 672, 675, 676, 677, 678, 679, 680, 681, 682, 683, 685, 686, 687, 697, 698, 699, 704, 705, 706, 707, 715, 716, 717, 718, 719, 720, 725, 726, 728, 729, 730, 732, 738, 741, 742, 743, 744, 746, 747, 748, 749, 750, 751, 752, 753, 754, 755, 756, 758, 759, 760, 761, 763, 771, 772, 773, 777, 778, 779, 783, 788], "excluded_lines": [], "functions": {"admin_panel_entry": {"executed_lines": [], "summary": {"covered_lines": 0, "num_statements": 3, "percent_covered": 0.0, "percent_covered_display": "0", "missing_lines": 3, "excluded_lines": 0, "percent_statements_covered": 0.0, "percent_statements_covered_display": "0"}, "missing_lines": [59, 60, 65], "excluded_lines": [], "start_line": 58}, "admin_panel_cb": {"executed_lines": [], "summary": {"covered_lines": 0, "num_statements": 11, "percent_covered": 0.0, "percent_covered_display": "0", "missing_lines": 11, "excluded_lines": 0, "percent_statements_covered": 0.0, "percent_statements_covered_display": "0"}, "missing_lines": [74, 75, 76, 78, 79, 80, 81, 82, 83, 84, 86], "excluded_lines": [], "start_line": 73}, "_show_cat_list": {"executed_lines": [], "summary": {"covered_lines": 0, "num_statements": 5, "percent_covered": 0.0, "percent_covered_display": "0", "missing_lines": 5, "excluded_lines": 0, "percent_statements_covered": 0.0, "percent_statements_covered_display": "0"}, "missing_lines": [95, 96, 97, 98, 103], "excluded_lines": [], "start_line": 94}, "admin_cat_list_cb": {"executed_lines": [], "summary": {"covered_lines": 0, "num_statements": 33, "percent_covered": 0.0, "percent_covered_display": "0", "missing_lines": 33, "excluded_lines": 0, "percent_statements_covered": 0.0, "percent_statements_covered_display": "0"}, "missing_lines": [112, 113, 114, 116, 117, 119, 120, 125, 127, 128, 129, 130, 132, 133, 134, 135, 136, 137, 138, 139, 140, 145, 148, 150, 152, 153, 154, 155, 156, 157, 158, 159, 161], "excluded_lines": [], "start_line": 111}, "admin_cat_input_msg": {"executed_lines": [], "summary": {"covered_lines": 0, "num_statements": 1, "percent_covered": 0.0, "percent_covered_display": "0", "missing_lines": 1, "excluded_lines": 0, "percent_statements_covered": 0.0, "percent_statements_covered_display": "0"}, "missing_lines": [170], "excluded_lines": [], "start_line": 169}, "admin_cat_skip": {"executed_lines": [], "summary": {"covered_lines": 0, "num_statements": 1, "percent_covered": 0.0, "percent_covered_display": "0", "missing_lines": 1, "excluded_lines": 0, "percent_statements_covered": 0.0, "percent_statements_covered_display": "0"}, "missing_lines": [174], "excluded_lines": [], "start_line": 173}, "_handle_cat_input": {"executed_lines": [], "summary": {"covered_lines": 0, "num_statements": 32, "percent_covered": 0.0, "percent_covered_display": "0", "missing_lines": 32, "excluded_lines": 0, "percent_statements_covered": 0.0, "percent_statements_covered_display": "0"}, "missing_lines": [180, 182, 183, 184, 185, 186, 188, 189, 190, 191, 192, 194, 195, 196, 197, 198, 199, 200, 201, 206, 207, 208, 211, 212, 213, 214, 215, 216, 222, 223, 224, 225], "excluded_lines": [], "start_line": 177}, "_show_ach_list": {"executed_lines": [], "summary": {"covered_lines": 0, "num_statements": 5, "percent_covered": 0.0, "percent_covered_display": "0", "missing_lines": 5, "excluded_lines": 0, "percent_statements_covered": 0.0, "percent_statements_covered_display": "0"}, "missing_lines": [234, 235, 236, 237, 242], "excluded_lines": [], "start_line": 233}, "_build_ach_detail_text": {"executed_lines": [], "summary": {"covered_lines": 0, "num_statements": 15, "percent_covered": 0.0, "percent_covered_display": "0", "missing_lines": 15, "excluded_lines": 0, "percent_statements_covered": 0.0, "percent_statements_covered_display": "0"}, "missing_lines": [246, 247, 248, 249, 250, 251, 252, 253, 254, 255, 260, 261, 262, 263, 264], "excluded_lines": [], "start_line": 245}, "_show_ach_detail": {"executed_lines": [], "summary": {"covered_lines": 0, "num_statements": 12, "percent_covered": 0.0, "percent_covered_display": "0", "missing_lines": 12, "excluded_lines": 0, "percent_statements_covered": 0.0, "percent_statements_covered_display": "0"}, "missing_lines": [279, 280, 281, 282, 283, 293, 294, 295, 296, 297, 298, 303], "excluded_lines": [], "start_line": 278}, "admin_ach_list_cb": {"executed_lines": [], "summary": {"covered_lines": 0, "num_statements": 18, "percent_covered": 0.0, "percent_covered_display": "0", "missing_lines": 18, "excluded_lines": 0, "percent_statements_covered": 0.0, "percent_statements_covered_display": "0"}, "missing_lines": [312, 313, 314, 316, 317, 319, 320, 325, 327, 328, 329, 330, 335, 337, 338, 339, 340, 342], "excluded_lines": [], "start_line": 311}, "admin_ach_detail_cb": {"executed_lines": [], "summary": {"covered_lines": 0, "num_statements": 64, "percent_covered": 0.0, "percent_covered_display": "0", "missing_lines": 64, "excluded_lines": 0, "percent_statements_covered": 0.0, "percent_statements_covered_display": "0"}, "missing_lines": [351, 352, 353, 355, 356, 358, 359, 361, 362, 364, 365, 366, 367, 368, 369, 371, 372, 373, 374, 375, 376, 377, 378, 379, 380, 381, 382, 383, 384, 387, 388, 391, 393, 394, 395, 396, 399, 401, 402, 403, 404, 405, 406, 407, 408, 409, 410, 412, 413, 414, 415, 416, 417, 418, 419, 420, 421, 424, 430, 431, 432, 433, 434, 436], "excluded_lines": [], "start_line": 350}, "admin_ach_input_msg": {"executed_lines": [], "summary": {"covered_lines": 0, "num_statements": 1, "percent_covered": 0.0, "percent_covered_display": "0", "missing_lines": 1, "excluded_lines": 0, "percent_statements_covered": 0.0, "percent_statements_covered_display": "0"}, "missing_lines": [445], "excluded_lines": [], "start_line": 444}, "admin_ach_skip": {"executed_lines": [], "summary": {"covered_lines": 0, "num_statements": 1, "percent_covered": 0.0, "percent_covered_display": "0", "missing_lines": 1, "excluded_lines": 0, "percent_statements_covered": 0.0, "percent_statements_covered_display": "0"}, "missing_lines": [449], "excluded_lines": [], "start_line": 448}, "_handle_ach_input": {"executed_lines": [], "summary": {"covered_lines": 0, "num_statements": 17, "percent_covered": 0.0, "percent_covered_display": "0", "missing_lines": 17, "excluded_lines": 0, "percent_statements_covered": 0.0, "percent_statements_covered_display": "0"}, "missing_lines": [455, 456, 457, 458, 459, 460, 461, 462, 463, 466, 467, 468, 478, 479, 480, 481, 486], "excluded_lines": [], "start_line": 452}, "admin_ach_wizard_msg": {"executed_lines": [], "summary": {"covered_lines": 0, "num_statements": 45, "percent_covered": 0.0, "percent_covered_display": "0", "missing_lines": 45, "excluded_lines": 0, "percent_statements_covered": 0.0, "percent_statements_covered_display": "0"}, "missing_lines": [495, 496, 497, 500, 501, 502, 504, 505, 506, 507, 508, 510, 511, 512, 513, 514, 516, 517, 518, 519, 520, 521, 525, 527, 528, 529, 530, 531, 533, 534, 535, 536, 537, 538, 539, 540, 544, 546, 547, 548, 549, 550, 551, 552, 554], "excluded_lines": [], "start_line": 494}, "admin_wizard_skip": {"executed_lines": [], "summary": {"covered_lines": 0, "num_statements": 17, "percent_covered": 0.0, "percent_covered_display": "0", "missing_lines": 17, "excluded_lines": 0, "percent_statements_covered": 0.0, "percent_statements_covered_display": "0"}, "missing_lines": [558, 559, 561, 562, 563, 564, 565, 567, 568, 569, 570, 574, 576, 577, 578, 580, 581], "excluded_lines": [], "start_line": 557}, "admin_ach_wizard_cb": {"executed_lines": [], "summary": {"covered_lines": 0, "num_statements": 35, "percent_covered": 0.0, "percent_covered_display": "0", "missing_lines": 35, "excluded_lines": 0, "percent_statements_covered": 0.0, "percent_statements_covered_display": "0"}, "missing_lines": [585, 586, 587, 588, 590, 591, 592, 593, 594, 595, 600, 602, 603, 604, 605, 606, 610, 612, 613, 614, 615, 616, 617, 619, 620, 621, 622, 623, 624, 628, 629, 630, 632, 633, 635], "excluded_lines": [], "start_line": 584}, "_wizard_preview_text": {"executed_lines": [], "summary": {"covered_lines": 0, "num_statements": 11, "percent_covered": 0.0, "percent_covered_display": "0", "missing_lines": 11, "excluded_lines": 0, "percent_statements_covered": 0.0, "percent_statements_covered_display": "0"}, "missing_lines": [639, 640, 641, 642, 643, 644, 645, 646, 647, 648, 649], "excluded_lines": [], "start_line": 638}, "_wizard_show_preview_msg": {"executed_lines": [], "summary": {"covered_lines": 0, "num_statements": 4, "percent_covered": 0.0, "percent_covered_display": "0", "missing_lines": 4, "excluded_lines": 0, "percent_statements_covered": 0.0, "percent_statements_covered_display": "0"}, "missing_lines": [662, 663, 664, 665], "excluded_lines": [], "start_line": 661}, "_wizard_show_preview_cb": {"executed_lines": [], "summary": {"covered_lines": 0, "num_statements": 4, "percent_covered": 0.0, "percent_covered_display": "0", "missing_lines": 4, "excluded_lines": 0, "percent_statements_covered": 0.0, "percent_statements_covered_display": "0"}, "missing_lines": [669, 670, 671, 672], "excluded_lines": [], "start_line": 668}, "_wizard_save_cb": {"executed_lines": [], "summary": {"covered_lines": 0, "num_statements": 18, "percent_covered": 0.0, "percent_covered_display": "0", "missing_lines": 18, "excluded_lines": 0, "percent_statements_covered": 0.0, "percent_statements_covered_display": "0"}, "missing_lines": [676, 677, 678, 679, 680, 681, 682, 683, 685, 686, 687, 697, 698, 699, 704, 705, 706, 707], "excluded_lines": [], "start_line": 675}, "_show_prereqs": {"executed_lines": [], "summary": {"covered_lines": 0, "num_statements": 12, "percent_covered": 0.0, "percent_covered_display": "0", "missing_lines": 12, "excluded_lines": 0, "percent_statements_covered": 0.0, "percent_statements_covered_display": "0"}, "missing_lines": [716, 717, 718, 719, 720, 725, 726, 728, 729, 730, 732, 738], "excluded_lines": [], "start_line": 715}, "admin_ach_prereqs_cb": {"executed_lines": [], "summary": {"covered_lines": 0, "num_statements": 19, "percent_covered": 0.0, "percent_covered_display": "0", "missing_lines": 19, "excluded_lines": 0, "percent_statements_covered": 0.0, "percent_statements_covered_display": "0"}, "missing_lines": [742, 743, 744, 746, 747, 748, 749, 750, 751, 752, 753, 754, 755, 756, 758, 759, 760, 761, 763], "excluded_lines": [], "start_line": 741}, "": {"executed_lines": [], "summary": {"covered_lines": 0, "num_statements": 46, "percent_covered": 0.0, "percent_covered_display": "0", "missing_lines": 46, "excluded_lines": 0, "percent_statements_covered": 0.0, "percent_statements_covered_display": "0"}, "missing_lines": [3, 4, 6, 7, 8, 16, 17, 28, 29, 30, 31, 32, 42, 44, 58, 73, 94, 111, 169, 173, 177, 233, 245, 278, 311, 350, 444, 448, 452, 494, 557, 584, 638, 661, 668, 675, 715, 741, 771, 772, 773, 777, 778, 779, 783, 788], "excluded_lines": [], "start_line": 1}}, "classes": {"": {"executed_lines": [], "summary": {"covered_lines": 0, "num_statements": 430, "percent_covered": 0.0, "percent_covered_display": "0", "missing_lines": 430, "excluded_lines": 0, "percent_statements_covered": 0.0, "percent_statements_covered_display": "0"}, "missing_lines": [3, 4, 6, 7, 8, 16, 17, 28, 29, 30, 31, 32, 42, 44, 58, 59, 60, 65, 73, 74, 75, 76, 78, 79, 80, 81, 82, 83, 84, 86, 94, 95, 96, 97, 98, 103, 111, 112, 113, 114, 116, 117, 119, 120, 125, 127, 128, 129, 130, 132, 133, 134, 135, 136, 137, 138, 139, 140, 145, 148, 150, 152, 153, 154, 155, 156, 157, 158, 159, 161, 169, 170, 173, 174, 177, 180, 182, 183, 184, 185, 186, 188, 189, 190, 191, 192, 194, 195, 196, 197, 198, 199, 200, 201, 206, 207, 208, 211, 212, 213, 214, 215, 216, 222, 223, 224, 225, 233, 234, 235, 236, 237, 242, 245, 246, 247, 248, 249, 250, 251, 252, 253, 254, 255, 260, 261, 262, 263, 264, 278, 279, 280, 281, 282, 283, 293, 294, 295, 296, 297, 298, 303, 311, 312, 313, 314, 316, 317, 319, 320, 325, 327, 328, 329, 330, 335, 337, 338, 339, 340, 342, 350, 351, 352, 353, 355, 356, 358, 359, 361, 362, 364, 365, 366, 367, 368, 369, 371, 372, 373, 374, 375, 376, 377, 378, 379, 380, 381, 382, 383, 384, 387, 388, 391, 393, 394, 395, 396, 399, 401, 402, 403, 404, 405, 406, 407, 408, 409, 410, 412, 413, 414, 415, 416, 417, 418, 419, 420, 421, 424, 430, 431, 432, 433, 434, 436, 444, 445, 448, 449, 452, 455, 456, 457, 458, 459, 460, 461, 462, 463, 466, 467, 468, 478, 479, 480, 481, 486, 494, 495, 496, 497, 500, 501, 502, 504, 505, 506, 507, 508, 510, 511, 512, 513, 514, 516, 517, 518, 519, 520, 521, 525, 527, 528, 529, 530, 531, 533, 534, 535, 536, 537, 538, 539, 540, 544, 546, 547, 548, 549, 550, 551, 552, 554, 557, 558, 559, 561, 562, 563, 564, 565, 567, 568, 569, 570, 574, 576, 577, 578, 580, 581, 584, 585, 586, 587, 588, 590, 591, 592, 593, 594, 595, 600, 602, 603, 604, 605, 606, 610, 612, 613, 614, 615, 616, 617, 619, 620, 621, 622, 623, 624, 628, 629, 630, 632, 633, 635, 638, 639, 640, 641, 642, 643, 644, 645, 646, 647, 648, 649, 661, 662, 663, 664, 665, 668, 669, 670, 671, 672, 675, 676, 677, 678, 679, 680, 681, 682, 683, 685, 686, 687, 697, 698, 699, 704, 705, 706, 707, 715, 716, 717, 718, 719, 720, 725, 726, 728, 729, 730, 732, 738, 741, 742, 743, 744, 746, 747, 748, 749, 750, 751, 752, 753, 754, 755, 756, 758, 759, 760, 761, 763, 771, 772, 773, 777, 778, 779, 783, 788], "excluded_lines": [], "start_line": 1}}}, "app/bot/handlers/group_chat.py": {"executed_lines": [], "summary": {"covered_lines": 0, "num_statements": 316, "percent_covered": 0.0, "percent_covered_display": "0", "missing_lines": 316, "excluded_lines": 0, "percent_statements_covered": 0.0, "percent_statements_covered_display": "0"}, "missing_lines": [3, 5, 6, 7, 9, 10, 12, 13, 14, 15, 16, 17, 19, 22, 27, 28, 29, 32, 34, 36, 37, 41, 44, 46, 47, 54, 59, 66, 68, 73, 78, 83, 84, 85, 88, 90, 91, 92, 93, 97, 99, 100, 108, 109, 110, 111, 115, 117, 124, 126, 127, 132, 135, 139, 140, 141, 142, 144, 145, 146, 147, 151, 153, 155, 156, 157, 159, 160, 161, 163, 164, 165, 166, 167, 168, 169, 170, 172, 173, 174, 175, 177, 178, 179, 180, 182, 184, 187, 191, 192, 193, 194, 196, 197, 198, 199, 203, 205, 206, 208, 216, 224, 233, 236, 240, 241, 243, 244, 245, 248, 249, 250, 251, 254, 259, 260, 262, 263, 264, 265, 266, 267, 268, 269, 270, 272, 278, 281, 284, 288, 289, 290, 291, 293, 294, 295, 296, 300, 302, 308, 310, 311, 312, 314, 325, 327, 328, 329, 331, 332, 333, 334, 335, 336, 338, 339, 340, 341, 342, 343, 344, 345, 346, 348, 349, 350, 351, 353, 354, 356, 358, 359, 360, 361, 362, 363, 364, 366, 371, 372, 374, 375, 376, 377, 378, 379, 380, 382, 384, 386, 387, 388, 390, 398, 399, 402, 403, 404, 405, 406, 407, 410, 416, 417, 418, 419, 420, 421, 422, 423, 430, 436, 437, 438, 439, 440, 441, 442, 443, 450, 452, 453, 454, 456, 457, 458, 460, 461, 462, 469, 470, 471, 473, 474, 475, 476, 477, 478, 479, 481, 486, 487, 492, 493, 496, 498, 499, 500, 501, 502, 504, 506, 507, 508, 509, 513, 515, 518, 519, 520, 521, 523, 524, 525, 526, 527, 529, 532, 533, 534, 535, 537, 538, 545, 546, 547, 548, 549, 552, 553, 554, 555, 556, 558, 559, 565, 567, 568, 569, 571, 572, 573, 574, 576, 577, 578, 580, 582, 583, 584, 585, 586, 587, 589, 590, 591, 592, 593, 594, 595, 596, 602, 603, 605, 606, 607], "excluded_lines": [], "functions": {"register_group": {"executed_lines": [], "summary": {"covered_lines": 0, "num_statements": 16, "percent_covered": 0.0, "percent_covered_display": "0", "missing_lines": 16, "excluded_lines": 0, "percent_statements_covered": 0.0, "percent_statements_covered_display": "0"}, "missing_lines": [27, 28, 29, 32, 34, 36, 37, 41, 44, 46, 47, 54, 59, 66, 68, 73], "excluded_lines": [], "start_line": 22}, "join_group": {"executed_lines": [], "summary": {"covered_lines": 0, "num_statements": 21, "percent_covered": 0.0, "percent_covered_display": "0", "missing_lines": 21, "excluded_lines": 0, "percent_statements_covered": 0.0, "percent_statements_covered_display": "0"}, "missing_lines": [83, 84, 85, 88, 90, 91, 92, 93, 97, 99, 100, 108, 109, 110, 111, 115, 117, 124, 126, 127, 132], "excluded_lines": [], "start_line": 78}, "list_members": {"executed_lines": [], "summary": {"covered_lines": 0, "num_statements": 27, "percent_covered": 0.0, "percent_covered_display": "0", "missing_lines": 27, "excluded_lines": 0, "percent_statements_covered": 0.0, "percent_statements_covered_display": "0"}, "missing_lines": [139, 140, 141, 142, 144, 145, 146, 147, 151, 153, 155, 156, 157, 159, 160, 161, 163, 172, 173, 174, 175, 177, 178, 179, 180, 182, 184], "excluded_lines": [], "start_line": 135}, "list_members._name": {"executed_lines": [], "summary": {"covered_lines": 0, "num_statements": 7, "percent_covered": 0.0, "percent_covered_display": "0", "missing_lines": 7, "excluded_lines": 0, "percent_statements_covered": 0.0, "percent_statements_covered_display": "0"}, "missing_lines": [164, 165, 166, 167, 168, 169, 170], "excluded_lines": [], "start_line": 163}, "web_links": {"executed_lines": [], "summary": {"covered_lines": 0, "num_statements": 12, "percent_covered": 0.0, "percent_covered_display": "0", "missing_lines": 12, "excluded_lines": 0, "percent_statements_covered": 0.0, "percent_statements_covered_display": "0"}, "missing_lines": [191, 192, 193, 194, 196, 197, 198, 199, 203, 205, 206, 208], "excluded_lines": [], "start_line": 187}, "list_achievements": {"executed_lines": [], "summary": {"covered_lines": 0, "num_statements": 23, "percent_covered": 0.0, "percent_covered_display": "0", "missing_lines": 23, "excluded_lines": 0, "percent_statements_covered": 0.0, "percent_statements_covered_display": "0"}, "missing_lines": [240, 241, 243, 244, 245, 248, 249, 250, 251, 254, 259, 260, 262, 263, 264, 265, 266, 267, 268, 269, 270, 272, 278], "excluded_lines": [], "start_line": 236}, "group_progress": {"executed_lines": [], "summary": {"covered_lines": 0, "num_statements": 48, "percent_covered": 0.0, "percent_covered_display": "0", "missing_lines": 48, "excluded_lines": 0, "percent_statements_covered": 0.0, "percent_statements_covered_display": "0"}, "missing_lines": [288, 289, 290, 291, 293, 294, 295, 296, 300, 302, 308, 310, 311, 312, 314, 325, 327, 328, 329, 331, 338, 348, 353, 354, 356, 358, 359, 360, 361, 362, 363, 364, 366, 371, 372, 374, 375, 376, 377, 378, 379, 380, 382, 384, 386, 387, 388, 390], "excluded_lines": [], "start_line": 284}, "group_progress._name": {"executed_lines": [], "summary": {"covered_lines": 0, "num_statements": 5, "percent_covered": 0.0, "percent_covered_display": "0", "missing_lines": 5, "excluded_lines": 0, "percent_statements_covered": 0.0, "percent_statements_covered_display": "0"}, "missing_lines": [332, 333, 334, 335, 336], "excluded_lines": [], "start_line": 331}, "group_progress._ach_word": {"executed_lines": [], "summary": {"covered_lines": 0, "num_statements": 8, "percent_covered": 0.0, "percent_covered_display": "0", "missing_lines": 8, "excluded_lines": 0, "percent_statements_covered": 0.0, "percent_statements_covered_display": "0"}, "missing_lines": [339, 340, 341, 342, 343, 344, 345, 346], "excluded_lines": [], "start_line": 338}, "group_progress._member_sort_key": {"executed_lines": [], "summary": {"covered_lines": 0, "num_statements": 3, "percent_covered": 0.0, "percent_covered_display": "0", "missing_lines": 3, "excluded_lines": 0, "percent_statements_covered": 0.0, "percent_statements_covered_display": "0"}, "missing_lines": [349, 350, 351], "excluded_lines": [], "start_line": 348}, "_grant_state_key": {"executed_lines": [], "summary": {"covered_lines": 0, "num_statements": 1, "percent_covered": 0.0, "percent_covered_display": "0", "missing_lines": 1, "excluded_lines": 0, "percent_statements_covered": 0.0, "percent_statements_covered_display": "0"}, "missing_lines": [399], "excluded_lines": [], "start_line": 398}, "_member_display_name": {"executed_lines": [], "summary": {"covered_lines": 0, "num_statements": 5, "percent_covered": 0.0, "percent_covered_display": "0", "missing_lines": 5, "excluded_lines": 0, "percent_statements_covered": 0.0, "percent_statements_covered_display": "0"}, "missing_lines": [403, 404, 405, 406, 407], "excluded_lines": [], "start_line": 402}, "_show_ach_selection_new_msg": {"executed_lines": [], "summary": {"covered_lines": 0, "num_statements": 8, "percent_covered": 0.0, "percent_covered_display": "0", "missing_lines": 8, "excluded_lines": 0, "percent_statements_covered": 0.0, "percent_statements_covered_display": "0"}, "missing_lines": [416, 417, 418, 419, 420, 421, 422, 423], "excluded_lines": [], "start_line": 410}, "_show_ach_selection_edit_msg": {"executed_lines": [], "summary": {"covered_lines": 0, "num_statements": 8, "percent_covered": 0.0, "percent_covered_display": "0", "missing_lines": 8, "excluded_lines": 0, "percent_statements_covered": 0.0, "percent_statements_covered_display": "0"}, "missing_lines": [436, 437, 438, 439, 440, 441, 442, 443], "excluded_lines": [], "start_line": 430}, "_do_grant": {"executed_lines": [], "summary": {"covered_lines": 0, "num_statements": 24, "percent_covered": 0.0, "percent_covered_display": "0", "missing_lines": 24, "excluded_lines": 0, "percent_statements_covered": 0.0, "percent_statements_covered_display": "0"}, "missing_lines": [452, 453, 454, 456, 457, 458, 460, 461, 462, 469, 470, 471, 473, 474, 475, 476, 477, 478, 479, 481, 486, 487, 492, 493], "excluded_lines": [], "start_line": 450}, "grant_command": {"executed_lines": [], "summary": {"covered_lines": 0, "num_statements": 40, "percent_covered": 0.0, "percent_covered_display": "0", "missing_lines": 40, "excluded_lines": 0, "percent_statements_covered": 0.0, "percent_statements_covered_display": "0"}, "missing_lines": [498, 499, 500, 501, 502, 504, 506, 507, 508, 509, 513, 515, 518, 519, 520, 521, 523, 524, 525, 526, 527, 529, 532, 533, 534, 535, 537, 538, 545, 546, 547, 548, 549, 552, 553, 554, 555, 556, 558, 559], "excluded_lines": [], "start_line": 496}, "grant_callback": {"executed_lines": [], "summary": {"covered_lines": 0, "num_statements": 30, "percent_covered": 0.0, "percent_covered_display": "0", "missing_lines": 30, "excluded_lines": 0, "percent_statements_covered": 0.0, "percent_statements_covered_display": "0"}, "missing_lines": [567, 568, 569, 571, 572, 573, 574, 576, 577, 578, 580, 582, 583, 584, 585, 586, 587, 589, 590, 591, 592, 593, 594, 595, 596, 602, 603, 605, 606, 607], "excluded_lines": [], "start_line": 565}, "": {"executed_lines": [], "summary": {"covered_lines": 0, "num_statements": 30, "percent_covered": 0.0, "percent_covered_display": "0", "missing_lines": 30, "excluded_lines": 0, "percent_statements_covered": 0.0, "percent_statements_covered_display": "0"}, "missing_lines": [3, 5, 6, 7, 9, 10, 12, 13, 14, 15, 16, 17, 19, 22, 78, 135, 187, 216, 224, 233, 236, 281, 284, 398, 402, 410, 430, 450, 496, 565], "excluded_lines": [], "start_line": 1}}, "classes": {"": {"executed_lines": [], "summary": {"covered_lines": 0, "num_statements": 316, "percent_covered": 0.0, "percent_covered_display": "0", "missing_lines": 316, "excluded_lines": 0, "percent_statements_covered": 0.0, "percent_statements_covered_display": "0"}, "missing_lines": [3, 5, 6, 7, 9, 10, 12, 13, 14, 15, 16, 17, 19, 22, 27, 28, 29, 32, 34, 36, 37, 41, 44, 46, 47, 54, 59, 66, 68, 73, 78, 83, 84, 85, 88, 90, 91, 92, 93, 97, 99, 100, 108, 109, 110, 111, 115, 117, 124, 126, 127, 132, 135, 139, 140, 141, 142, 144, 145, 146, 147, 151, 153, 155, 156, 157, 159, 160, 161, 163, 164, 165, 166, 167, 168, 169, 170, 172, 173, 174, 175, 177, 178, 179, 180, 182, 184, 187, 191, 192, 193, 194, 196, 197, 198, 199, 203, 205, 206, 208, 216, 224, 233, 236, 240, 241, 243, 244, 245, 248, 249, 250, 251, 254, 259, 260, 262, 263, 264, 265, 266, 267, 268, 269, 270, 272, 278, 281, 284, 288, 289, 290, 291, 293, 294, 295, 296, 300, 302, 308, 310, 311, 312, 314, 325, 327, 328, 329, 331, 332, 333, 334, 335, 336, 338, 339, 340, 341, 342, 343, 344, 345, 346, 348, 349, 350, 351, 353, 354, 356, 358, 359, 360, 361, 362, 363, 364, 366, 371, 372, 374, 375, 376, 377, 378, 379, 380, 382, 384, 386, 387, 388, 390, 398, 399, 402, 403, 404, 405, 406, 407, 410, 416, 417, 418, 419, 420, 421, 422, 423, 430, 436, 437, 438, 439, 440, 441, 442, 443, 450, 452, 453, 454, 456, 457, 458, 460, 461, 462, 469, 470, 471, 473, 474, 475, 476, 477, 478, 479, 481, 486, 487, 492, 493, 496, 498, 499, 500, 501, 502, 504, 506, 507, 508, 509, 513, 515, 518, 519, 520, 521, 523, 524, 525, 526, 527, 529, 532, 533, 534, 535, 537, 538, 545, 546, 547, 548, 549, 552, 553, 554, 555, 556, 558, 559, 565, 567, 568, 569, 571, 572, 573, 574, 576, 577, 578, 580, 582, 583, 584, 585, 586, 587, 589, 590, 591, 592, 593, 594, 595, 596, 602, 603, 605, 606, 607], "excluded_lines": [], "start_line": 1}}}, "app/bot/handlers/private_chat.py": {"executed_lines": [], "summary": {"covered_lines": 0, "num_statements": 402, "percent_covered": 0.0, "percent_covered_display": "0", "missing_lines": 402, "excluded_lines": 0, "percent_statements_covered": 0.0, "percent_statements_covered_display": "0"}, "missing_lines": [13, 14, 16, 17, 26, 27, 33, 34, 35, 40, 41, 42, 43, 51, 57, 66, 67, 68, 69, 70, 71, 72, 73, 76, 77, 78, 79, 80, 81, 82, 85, 86, 87, 89, 90, 92, 93, 95, 96, 97, 99, 100, 101, 102, 103, 104, 105, 107, 109, 117, 118, 120, 121, 128, 129, 130, 132, 134, 135, 139, 141, 142, 143, 144, 145, 148, 152, 160, 161, 162, 163, 164, 166, 167, 168, 170, 171, 172, 174, 175, 176, 184, 185, 186, 187, 189, 190, 191, 192, 193, 194, 195, 198, 200, 201, 202, 203, 209, 211, 212, 213, 214, 215, 216, 217, 224, 225, 226, 228, 229, 231, 232, 233, 235, 236, 237, 238, 239, 241, 245, 247, 248, 250, 251, 252, 257, 258, 259, 260, 261, 262, 266, 268, 269, 270, 271, 272, 273, 274, 275, 276, 277, 278, 279, 280, 285, 289, 291, 292, 297, 302, 303, 305, 306, 308, 309, 313, 314, 319, 320, 324, 326, 327, 328, 329, 330, 331, 332, 337, 341, 343, 344, 345, 346, 347, 348, 349, 350, 351, 356, 360, 363, 364, 365, 366, 368, 369, 370, 371, 372, 373, 375, 376, 377, 378, 379, 380, 381, 382, 383, 384, 385, 387, 388, 389, 390, 392, 393, 394, 395, 396, 397, 398, 399, 404, 409, 410, 412, 423, 424, 425, 426, 428, 429, 431, 440, 443, 444, 445, 446, 451, 454, 455, 456, 457, 458, 459, 460, 462, 469, 474, 475, 477, 482, 485, 486, 487, 488, 489, 490, 491, 492, 493, 494, 497, 498, 499, 500, 501, 502, 503, 505, 506, 507, 508, 509, 511, 518, 519, 524, 527, 528, 529, 530, 531, 532, 534, 535, 536, 537, 538, 539, 541, 543, 544, 545, 546, 547, 556, 557, 560, 561, 562, 563, 565, 566, 567, 575, 576, 579, 580, 581, 582, 583, 584, 585, 586, 587, 589, 590, 598, 599, 602, 603, 604, 605, 606, 607, 615, 616, 617, 618, 619, 620, 621, 629, 630, 632, 633, 634, 635, 638, 639, 640, 641, 644, 647, 648, 650, 651, 659, 660, 661, 664, 665, 668, 671, 672, 673, 675, 676, 677, 680, 681, 682, 683, 684, 686, 687, 688, 689, 690, 691, 692, 693, 694, 695, 696, 697, 698, 709, 710, 712, 716, 717, 719, 720, 728, 731, 732, 735, 738, 741, 744, 745, 747, 748, 749, 752, 753, 755, 756, 757, 765, 766, 768, 769, 770, 772, 773, 781, 782], "excluded_lines": [], "functions": {"_group_by_category": {"executed_lines": [], "summary": {"covered_lines": 0, "num_statements": 7, "percent_covered": 0.0, "percent_covered_display": "0", "missing_lines": 7, "excluded_lines": 0, "percent_statements_covered": 0.0, "percent_statements_covered_display": "0"}, "missing_lines": [67, 68, 69, 70, 71, 72, 73], "excluded_lines": [], "start_line": 66}, "_user_display": {"executed_lines": [], "summary": {"covered_lines": 0, "num_statements": 6, "percent_covered": 0.0, "percent_covered_display": "0", "missing_lines": 6, "excluded_lines": 0, "percent_statements_covered": 0.0, "percent_statements_covered_display": "0"}, "missing_lines": [77, 78, 79, 80, 81, 82], "excluded_lines": [], "start_line": 76}, "_show_main_menu": {"executed_lines": [], "summary": {"covered_lines": 0, "num_statements": 18, "percent_covered": 0.0, "percent_covered_display": "0", "missing_lines": 18, "excluded_lines": 0, "percent_statements_covered": 0.0, "percent_statements_covered_display": "0"}, "missing_lines": [86, 87, 89, 90, 92, 93, 95, 96, 97, 99, 100, 101, 102, 103, 104, 105, 107, 109], "excluded_lines": [], "start_line": 85}, "start": {"executed_lines": [], "summary": {"covered_lines": 0, "num_statements": 17, "percent_covered": 0.0, "percent_covered_display": "0", "missing_lines": 17, "excluded_lines": 0, "percent_statements_covered": 0.0, "percent_statements_covered_display": "0"}, "missing_lines": [118, 120, 121, 128, 129, 130, 132, 134, 135, 139, 141, 142, 143, 144, 145, 148, 152], "excluded_lines": [], "start_line": 117}, "select_group_cb": {"executed_lines": [], "summary": {"covered_lines": 0, "num_statements": 13, "percent_covered": 0.0, "percent_covered_display": "0", "missing_lines": 13, "excluded_lines": 0, "percent_statements_covered": 0.0, "percent_statements_covered_display": "0"}, "missing_lines": [161, 162, 163, 164, 166, 167, 168, 170, 171, 172, 174, 175, 176], "excluded_lines": [], "start_line": 160}, "menu_callback": {"executed_lines": [], "summary": {"covered_lines": 0, "num_statements": 258, "percent_covered": 0.0, "percent_covered_display": "0", "missing_lines": 258, "excluded_lines": 0, "percent_statements_covered": 0.0, "percent_statements_covered_display": "0"}, "missing_lines": [185, 186, 187, 189, 190, 191, 192, 193, 194, 195, 198, 200, 201, 202, 203, 209, 211, 212, 213, 214, 215, 216, 217, 224, 225, 226, 228, 229, 231, 232, 233, 235, 236, 237, 238, 239, 241, 245, 247, 248, 250, 251, 252, 257, 258, 259, 260, 261, 262, 266, 268, 269, 270, 271, 272, 273, 274, 275, 276, 277, 278, 279, 280, 285, 289, 291, 292, 297, 302, 303, 305, 306, 308, 309, 313, 314, 319, 320, 324, 326, 327, 328, 329, 330, 331, 332, 337, 341, 343, 344, 345, 346, 347, 348, 349, 350, 351, 356, 360, 363, 364, 365, 366, 368, 369, 370, 371, 372, 373, 375, 376, 377, 378, 379, 380, 381, 382, 383, 384, 385, 387, 388, 389, 390, 392, 393, 394, 395, 396, 397, 398, 399, 404, 409, 410, 412, 423, 424, 425, 426, 428, 429, 431, 440, 443, 444, 445, 446, 451, 454, 455, 456, 457, 458, 459, 460, 462, 469, 474, 475, 477, 482, 485, 486, 487, 488, 489, 490, 491, 492, 493, 494, 497, 498, 499, 500, 501, 502, 503, 505, 506, 507, 508, 509, 511, 518, 519, 524, 527, 528, 529, 530, 531, 532, 534, 535, 536, 537, 538, 539, 541, 543, 544, 545, 546, 547, 556, 557, 560, 561, 562, 563, 565, 566, 567, 575, 576, 579, 580, 581, 582, 583, 584, 585, 586, 587, 589, 590, 598, 599, 602, 603, 604, 605, 606, 607, 615, 616, 617, 618, 619, 620, 621, 629, 630, 632, 633, 634, 635, 638, 639, 640, 641, 644, 647, 648, 650, 651], "excluded_lines": [], "start_line": 184}, "receive_evidence": {"executed_lines": [], "summary": {"covered_lines": 0, "num_statements": 2, "percent_covered": 0.0, "percent_covered_display": "0", "missing_lines": 2, "excluded_lines": 0, "percent_statements_covered": 0.0, "percent_statements_covered_display": "0"}, "missing_lines": [660, 661], "excluded_lines": [], "start_line": 659}, "skip_evidence": {"executed_lines": [], "summary": {"covered_lines": 0, "num_statements": 1, "percent_covered": 0.0, "percent_covered_display": "0", "missing_lines": 1, "excluded_lines": 0, "percent_statements_covered": 0.0, "percent_statements_covered_display": "0"}, "missing_lines": [665], "excluded_lines": [], "start_line": 664}, "_do_submit_claim": {"executed_lines": [], "summary": {"covered_lines": 0, "num_statements": 31, "percent_covered": 0.0, "percent_covered_display": "0", "missing_lines": 31, "excluded_lines": 0, "percent_statements_covered": 0.0, "percent_statements_covered_display": "0"}, "missing_lines": [671, 672, 673, 675, 676, 677, 680, 681, 682, 683, 684, 686, 687, 688, 689, 690, 691, 692, 693, 694, 695, 696, 697, 698, 709, 710, 712, 716, 717, 719, 720], "excluded_lines": [], "start_line": 668}, "receive_reject_reason": {"executed_lines": [], "summary": {"covered_lines": 0, "num_statements": 2, "percent_covered": 0.0, "percent_covered_display": "0", "missing_lines": 2, "excluded_lines": 0, "percent_statements_covered": 0.0, "percent_statements_covered_display": "0"}, "missing_lines": [731, 732], "excluded_lines": [], "start_line": 728}, "skip_reject_reason": {"executed_lines": [], "summary": {"covered_lines": 0, "num_statements": 1, "percent_covered": 0.0, "percent_covered_display": "0", "missing_lines": 1, "excluded_lines": 0, "percent_statements_covered": 0.0, "percent_statements_covered_display": "0"}, "missing_lines": [738], "excluded_lines": [], "start_line": 735}, "_do_reject_claim": {"executed_lines": [], "summary": {"covered_lines": 0, "num_statements": 17, "percent_covered": 0.0, "percent_covered_display": "0", "missing_lines": 17, "excluded_lines": 0, "percent_statements_covered": 0.0, "percent_statements_covered_display": "0"}, "missing_lines": [744, 745, 747, 748, 749, 752, 753, 755, 756, 757, 765, 766, 768, 769, 770, 772, 773], "excluded_lines": [], "start_line": 741}, "build_private_conversation": {"executed_lines": [], "summary": {"covered_lines": 0, "num_statements": 1, "percent_covered": 0.0, "percent_covered_display": "0", "missing_lines": 1, "excluded_lines": 0, "percent_statements_covered": 0.0, "percent_statements_covered_display": "0"}, "missing_lines": [782], "excluded_lines": [], "start_line": 781}, "": {"executed_lines": [], "summary": {"covered_lines": 0, "num_statements": 28, "percent_covered": 0.0, "percent_covered_display": "0", "missing_lines": 28, "excluded_lines": 0, "percent_statements_covered": 0.0, "percent_statements_covered_display": "0"}, "missing_lines": [13, 14, 16, 17, 26, 27, 33, 34, 35, 40, 41, 42, 43, 51, 57, 66, 76, 85, 117, 160, 184, 659, 664, 668, 728, 735, 741, 781], "excluded_lines": [], "start_line": 1}}, "classes": {"": {"executed_lines": [], "summary": {"covered_lines": 0, "num_statements": 402, "percent_covered": 0.0, "percent_covered_display": "0", "missing_lines": 402, "excluded_lines": 0, "percent_statements_covered": 0.0, "percent_statements_covered_display": "0"}, "missing_lines": [13, 14, 16, 17, 26, 27, 33, 34, 35, 40, 41, 42, 43, 51, 57, 66, 67, 68, 69, 70, 71, 72, 73, 76, 77, 78, 79, 80, 81, 82, 85, 86, 87, 89, 90, 92, 93, 95, 96, 97, 99, 100, 101, 102, 103, 104, 105, 107, 109, 117, 118, 120, 121, 128, 129, 130, 132, 134, 135, 139, 141, 142, 143, 144, 145, 148, 152, 160, 161, 162, 163, 164, 166, 167, 168, 170, 171, 172, 174, 175, 176, 184, 185, 186, 187, 189, 190, 191, 192, 193, 194, 195, 198, 200, 201, 202, 203, 209, 211, 212, 213, 214, 215, 216, 217, 224, 225, 226, 228, 229, 231, 232, 233, 235, 236, 237, 238, 239, 241, 245, 247, 248, 250, 251, 252, 257, 258, 259, 260, 261, 262, 266, 268, 269, 270, 271, 272, 273, 274, 275, 276, 277, 278, 279, 280, 285, 289, 291, 292, 297, 302, 303, 305, 306, 308, 309, 313, 314, 319, 320, 324, 326, 327, 328, 329, 330, 331, 332, 337, 341, 343, 344, 345, 346, 347, 348, 349, 350, 351, 356, 360, 363, 364, 365, 366, 368, 369, 370, 371, 372, 373, 375, 376, 377, 378, 379, 380, 381, 382, 383, 384, 385, 387, 388, 389, 390, 392, 393, 394, 395, 396, 397, 398, 399, 404, 409, 410, 412, 423, 424, 425, 426, 428, 429, 431, 440, 443, 444, 445, 446, 451, 454, 455, 456, 457, 458, 459, 460, 462, 469, 474, 475, 477, 482, 485, 486, 487, 488, 489, 490, 491, 492, 493, 494, 497, 498, 499, 500, 501, 502, 503, 505, 506, 507, 508, 509, 511, 518, 519, 524, 527, 528, 529, 530, 531, 532, 534, 535, 536, 537, 538, 539, 541, 543, 544, 545, 546, 547, 556, 557, 560, 561, 562, 563, 565, 566, 567, 575, 576, 579, 580, 581, 582, 583, 584, 585, 586, 587, 589, 590, 598, 599, 602, 603, 604, 605, 606, 607, 615, 616, 617, 618, 619, 620, 621, 629, 630, 632, 633, 634, 635, 638, 639, 640, 641, 644, 647, 648, 650, 651, 659, 660, 661, 664, 665, 668, 671, 672, 673, 675, 676, 677, 680, 681, 682, 683, 684, 686, 687, 688, 689, 690, 691, 692, 693, 694, 695, 696, 697, 698, 709, 710, 712, 716, 717, 719, 720, 728, 731, 732, 735, 738, 741, 744, 745, 747, 748, 749, 752, 753, 755, 756, 757, 765, 766, 768, 769, 770, 772, 773, 781, 782], "excluded_lines": [], "start_line": 1}}}, "app/bot/keyboards.py": {"executed_lines": [], "summary": {"covered_lines": 0, "num_statements": 143, "percent_covered": 0.0, "percent_covered_display": "0", "missing_lines": 143, "excluded_lines": 0, "percent_statements_covered": 0.0, "percent_statements_covered_display": "0"}, "missing_lines": [3, 5, 8, 17, 18, 22, 25, 26, 32, 33, 36, 37, 38, 41, 45, 49, 50, 53, 57, 58, 60, 61, 62, 65, 66, 67, 71, 72, 73, 74, 75, 76, 77, 78, 79, 80, 82, 83, 86, 91, 92, 93, 96, 97, 100, 101, 102, 103, 106, 107, 108, 109, 112, 113, 114, 115, 118, 119, 122, 123, 124, 125, 126, 127, 128, 129, 130, 133, 134, 145, 146, 152, 153, 161, 162, 169, 170, 174, 175, 176, 179, 180, 181, 190, 191, 192, 193, 194, 195, 196, 197, 198, 199, 202, 203, 204, 219, 220, 221, 222, 223, 224, 227, 228, 235, 236, 237, 240, 241, 245, 246, 249, 250, 251, 252, 253, 254, 255, 256, 257, 260, 261, 265, 266, 269, 270, 277, 281, 282, 285, 286, 295, 296, 309, 311, 315, 316, 319, 321, 325, 326, 329, 330], "excluded_lines": [], "functions": {"group_list_kb": {"executed_lines": [], "summary": {"covered_lines": 0, "num_statements": 2, "percent_covered": 0.0, "percent_covered_display": "0", "missing_lines": 2, "excluded_lines": 0, "percent_statements_covered": 0.0, "percent_statements_covered_display": "0"}, "missing_lines": [18, 22], "excluded_lines": [], "start_line": 17}, "main_menu_kb": {"executed_lines": [], "summary": {"covered_lines": 0, "num_statements": 6, "percent_covered": 0.0, "percent_covered_display": "0", "missing_lines": 6, "excluded_lines": 0, "percent_statements_covered": 0.0, "percent_statements_covered_display": "0"}, "missing_lines": [26, 32, 33, 36, 37, 38], "excluded_lines": [], "start_line": 25}, "category_list_kb": {"executed_lines": [], "summary": {"covered_lines": 0, "num_statements": 3, "percent_covered": 0.0, "percent_covered_display": "0", "missing_lines": 3, "excluded_lines": 0, "percent_statements_covered": 0.0, "percent_statements_covered_display": "0"}, "missing_lines": [45, 49, 50], "excluded_lines": [], "start_line": 41}, "achievement_list_kb": {"executed_lines": [], "summary": {"covered_lines": 0, "num_statements": 20, "percent_covered": 0.0, "percent_covered_display": "0", "missing_lines": 20, "excluded_lines": 0, "percent_statements_covered": 0.0, "percent_statements_covered_display": "0"}, "missing_lines": [57, 58, 60, 61, 62, 65, 66, 67, 71, 72, 73, 74, 75, 76, 77, 78, 79, 80, 82, 83], "excluded_lines": [], "start_line": 53}, "achievement_detail_kb": {"executed_lines": [], "summary": {"covered_lines": 0, "num_statements": 5, "percent_covered": 0.0, "percent_covered_display": "0", "missing_lines": 5, "excluded_lines": 0, "percent_statements_covered": 0.0, "percent_statements_covered_display": "0"}, "missing_lines": [91, 92, 93, 96, 97], "excluded_lines": [], "start_line": 86}, "my_claim_list_kb": {"executed_lines": [], "summary": {"covered_lines": 0, "num_statements": 7, "percent_covered": 0.0, "percent_covered_display": "0", "missing_lines": 7, "excluded_lines": 0, "percent_statements_covered": 0.0, "percent_statements_covered_display": "0"}, "missing_lines": [101, 102, 103, 106, 107, 108, 109], "excluded_lines": [], "start_line": 100}, "my_claim_detail_kb": {"executed_lines": [], "summary": {"covered_lines": 0, "num_statements": 5, "percent_covered": 0.0, "percent_covered_display": "0", "missing_lines": 5, "excluded_lines": 0, "percent_statements_covered": 0.0, "percent_statements_covered_display": "0"}, "missing_lines": [113, 114, 115, 118, 119], "excluded_lines": [], "start_line": 112}, "admin_claim_list_kb": {"executed_lines": [], "summary": {"covered_lines": 0, "num_statements": 8, "percent_covered": 0.0, "percent_covered_display": "0", "missing_lines": 8, "excluded_lines": 0, "percent_statements_covered": 0.0, "percent_statements_covered_display": "0"}, "missing_lines": [123, 124, 125, 126, 127, 128, 129, 130], "excluded_lines": [], "start_line": 122}, "admin_claim_detail_kb": {"executed_lines": [], "summary": {"covered_lines": 0, "num_statements": 1, "percent_covered": 0.0, "percent_covered_display": "0", "missing_lines": 1, "excluded_lines": 0, "percent_statements_covered": 0.0, "percent_statements_covered_display": "0"}, "missing_lines": [134], "excluded_lines": [], "start_line": 133}, "confirm_leave_kb": {"executed_lines": [], "summary": {"covered_lines": 0, "num_statements": 1, "percent_covered": 0.0, "percent_covered_display": "0", "missing_lines": 1, "excluded_lines": 0, "percent_statements_covered": 0.0, "percent_statements_covered_display": "0"}, "missing_lines": [146], "excluded_lines": [], "start_line": 145}, "back_kb": {"executed_lines": [], "summary": {"covered_lines": 0, "num_statements": 1, "percent_covered": 0.0, "percent_covered_display": "0", "missing_lines": 1, "excluded_lines": 0, "percent_statements_covered": 0.0, "percent_statements_covered_display": "0"}, "missing_lines": [153], "excluded_lines": [], "start_line": 152}, "admin_panel_kb": {"executed_lines": [], "summary": {"covered_lines": 0, "num_statements": 1, "percent_covered": 0.0, "percent_covered_display": "0", "missing_lines": 1, "excluded_lines": 0, "percent_statements_covered": 0.0, "percent_statements_covered_display": "0"}, "missing_lines": [162], "excluded_lines": [], "start_line": 161}, "admin_cat_list_kb": {"executed_lines": [], "summary": {"covered_lines": 0, "num_statements": 4, "percent_covered": 0.0, "percent_covered_display": "0", "missing_lines": 4, "excluded_lines": 0, "percent_statements_covered": 0.0, "percent_statements_covered_display": "0"}, "missing_lines": [170, 174, 175, 176], "excluded_lines": [], "start_line": 169}, "admin_cat_edit_kb": {"executed_lines": [], "summary": {"covered_lines": 0, "num_statements": 2, "percent_covered": 0.0, "percent_covered_display": "0", "missing_lines": 2, "excluded_lines": 0, "percent_statements_covered": 0.0, "percent_statements_covered_display": "0"}, "missing_lines": [180, 181], "excluded_lines": [], "start_line": 179}, "admin_ach_list_kb": {"executed_lines": [], "summary": {"covered_lines": 0, "num_statements": 9, "percent_covered": 0.0, "percent_covered_display": "0", "missing_lines": 9, "excluded_lines": 0, "percent_statements_covered": 0.0, "percent_statements_covered_display": "0"}, "missing_lines": [191, 192, 193, 194, 195, 196, 197, 198, 199], "excluded_lines": [], "start_line": 190}, "admin_ach_detail_kb": {"executed_lines": [], "summary": {"covered_lines": 0, "num_statements": 8, "percent_covered": 0.0, "percent_covered_display": "0", "missing_lines": 8, "excluded_lines": 0, "percent_statements_covered": 0.0, "percent_statements_covered_display": "0"}, "missing_lines": [203, 204, 219, 220, 221, 222, 223, 224], "excluded_lines": [], "start_line": 202}, "admin_rarity_edit_kb": {"executed_lines": [], "summary": {"covered_lines": 0, "num_statements": 4, "percent_covered": 0.0, "percent_covered_display": "0", "missing_lines": 4, "excluded_lines": 0, "percent_statements_covered": 0.0, "percent_statements_covered_display": "0"}, "missing_lines": [228, 235, 236, 237], "excluded_lines": [], "start_line": 227}, "admin_cat_select_kb": {"executed_lines": [], "summary": {"covered_lines": 0, "num_statements": 3, "percent_covered": 0.0, "percent_covered_display": "0", "missing_lines": 3, "excluded_lines": 0, "percent_statements_covered": 0.0, "percent_statements_covered_display": "0"}, "missing_lines": [241, 245, 246], "excluded_lines": [], "start_line": 240}, "admin_prereqs_kb": {"executed_lines": [], "summary": {"covered_lines": 0, "num_statements": 8, "percent_covered": 0.0, "percent_covered_display": "0", "missing_lines": 8, "excluded_lines": 0, "percent_statements_covered": 0.0, "percent_statements_covered_display": "0"}, "missing_lines": [250, 251, 252, 253, 254, 255, 256, 257], "excluded_lines": [], "start_line": 249}, "admin_wizard_cat_kb": {"executed_lines": [], "summary": {"covered_lines": 0, "num_statements": 3, "percent_covered": 0.0, "percent_covered_display": "0", "missing_lines": 3, "excluded_lines": 0, "percent_statements_covered": 0.0, "percent_statements_covered_display": "0"}, "missing_lines": [261, 265, 266], "excluded_lines": [], "start_line": 260}, "admin_wizard_rarity_kb": {"executed_lines": [], "summary": {"covered_lines": 0, "num_statements": 4, "percent_covered": 0.0, "percent_covered_display": "0", "missing_lines": 4, "excluded_lines": 0, "percent_statements_covered": 0.0, "percent_statements_covered_display": "0"}, "missing_lines": [270, 277, 281, 282], "excluded_lines": [], "start_line": 269}, "admin_wizard_repeatable_kb": {"executed_lines": [], "summary": {"covered_lines": 0, "num_statements": 1, "percent_covered": 0.0, "percent_covered_display": "0", "missing_lines": 1, "excluded_lines": 0, "percent_statements_covered": 0.0, "percent_statements_covered_display": "0"}, "missing_lines": [286], "excluded_lines": [], "start_line": 285}, "wizard_confirm_kb": {"executed_lines": [], "summary": {"covered_lines": 0, "num_statements": 1, "percent_covered": 0.0, "percent_covered_display": "0", "missing_lines": 1, "excluded_lines": 0, "percent_statements_covered": 0.0, "percent_statements_covered_display": "0"}, "missing_lines": [296], "excluded_lines": [], "start_line": 295}, "grant_member_kb": {"executed_lines": [], "summary": {"covered_lines": 0, "num_statements": 3, "percent_covered": 0.0, "percent_covered_display": "0", "missing_lines": 3, "excluded_lines": 0, "percent_statements_covered": 0.0, "percent_statements_covered_display": "0"}, "missing_lines": [311, 315, 316], "excluded_lines": [], "start_line": 309}, "grant_ach_kb": {"executed_lines": [], "summary": {"covered_lines": 0, "num_statements": 3, "percent_covered": 0.0, "percent_covered_display": "0", "missing_lines": 3, "excluded_lines": 0, "percent_statements_covered": 0.0, "percent_statements_covered_display": "0"}, "missing_lines": [321, 325, 326], "excluded_lines": [], "start_line": 319}, "grant_confirm_kb": {"executed_lines": [], "summary": {"covered_lines": 0, "num_statements": 1, "percent_covered": 0.0, "percent_covered_display": "0", "missing_lines": 1, "excluded_lines": 0, "percent_statements_covered": 0.0, "percent_statements_covered_display": "0"}, "missing_lines": [330], "excluded_lines": [], "start_line": 329}, "": {"executed_lines": [], "summary": {"covered_lines": 0, "num_statements": 29, "percent_covered": 0.0, "percent_covered_display": "0", "missing_lines": 29, "excluded_lines": 0, "percent_statements_covered": 0.0, "percent_statements_covered_display": "0"}, "missing_lines": [3, 5, 8, 17, 25, 41, 53, 86, 100, 112, 122, 133, 145, 152, 161, 169, 179, 190, 202, 227, 240, 249, 260, 269, 285, 295, 309, 319, 329], "excluded_lines": [], "start_line": 1}}, "classes": {"": {"executed_lines": [], "summary": {"covered_lines": 0, "num_statements": 143, "percent_covered": 0.0, "percent_covered_display": "0", "missing_lines": 143, "excluded_lines": 0, "percent_statements_covered": 0.0, "percent_statements_covered_display": "0"}, "missing_lines": [3, 5, 8, 17, 18, 22, 25, 26, 32, 33, 36, 37, 38, 41, 45, 49, 50, 53, 57, 58, 60, 61, 62, 65, 66, 67, 71, 72, 73, 74, 75, 76, 77, 78, 79, 80, 82, 83, 86, 91, 92, 93, 96, 97, 100, 101, 102, 103, 106, 107, 108, 109, 112, 113, 114, 115, 118, 119, 122, 123, 124, 125, 126, 127, 128, 129, 130, 133, 134, 145, 146, 152, 153, 161, 162, 169, 170, 174, 175, 176, 179, 180, 181, 190, 191, 192, 193, 194, 195, 196, 197, 198, 199, 202, 203, 204, 219, 220, 221, 222, 223, 224, 227, 228, 235, 236, 237, 240, 241, 245, 246, 249, 250, 251, 252, 253, 254, 255, 256, 257, 260, 261, 265, 266, 269, 270, 277, 281, 282, 285, 286, 295, 296, 309, 311, 315, 316, 319, 321, 325, 326, 329, 330], "excluded_lines": [], "start_line": 1}}}, "app/bot/states.py": {"executed_lines": [], "summary": {"covered_lines": 0, "num_statements": 1, "percent_covered": 0.0, "percent_covered_display": "0", "missing_lines": 1, "excluded_lines": 0, "percent_statements_covered": 0.0, "percent_statements_covered_display": "0"}, "missing_lines": [3], "excluded_lines": [], "functions": {"": {"executed_lines": [], "summary": {"covered_lines": 0, "num_statements": 1, "percent_covered": 0.0, "percent_covered_display": "0", "missing_lines": 1, "excluded_lines": 0, "percent_statements_covered": 0.0, "percent_statements_covered_display": "0"}, "missing_lines": [3], "excluded_lines": [], "start_line": 1}}, "classes": {"": {"executed_lines": [], "summary": {"covered_lines": 0, "num_statements": 1, "percent_covered": 0.0, "percent_covered_display": "0", "missing_lines": 1, "excluded_lines": 0, "percent_statements_covered": 0.0, "percent_statements_covered_display": "0"}, "missing_lines": [3], "excluded_lines": [], "start_line": 1}}}, "app/core/__init__.py": {"executed_lines": [], "summary": {"covered_lines": 0, "num_statements": 0, "percent_covered": 100.0, "percent_covered_display": "100", "missing_lines": 0, "excluded_lines": 0, "percent_statements_covered": 100.0, "percent_statements_covered_display": "100"}, "missing_lines": [], "excluded_lines": [], "functions": {"": {"executed_lines": [], "summary": {"covered_lines": 0, "num_statements": 0, "percent_covered": 100.0, "percent_covered_display": "100", "missing_lines": 0, "excluded_lines": 0, "percent_statements_covered": 100.0, "percent_statements_covered_display": "100"}, "missing_lines": [], "excluded_lines": [], "start_line": 1}}, "classes": {"": {"executed_lines": [], "summary": {"covered_lines": 0, "num_statements": 0, "percent_covered": 100.0, "percent_covered_display": "100", "missing_lines": 0, "excluded_lines": 0, "percent_statements_covered": 100.0, "percent_statements_covered_display": "100"}, "missing_lines": [], "excluded_lines": [], "start_line": 1}}}, "app/core/config.py": {"executed_lines": [1, 4, 5, 7, 8, 9, 10, 11, 12, 13, 14, 15, 16, 19], "summary": {"covered_lines": 14, "num_statements": 14, "percent_covered": 100.0, "percent_covered_display": "100", "missing_lines": 0, "excluded_lines": 0, "percent_statements_covered": 100.0, "percent_statements_covered_display": "100"}, "missing_lines": [], "excluded_lines": [], "functions": {"": {"executed_lines": [1, 4, 5, 7, 8, 9, 10, 11, 12, 13, 14, 15, 16, 19], "summary": {"covered_lines": 14, "num_statements": 14, "percent_covered": 100.0, "percent_covered_display": "100", "missing_lines": 0, "excluded_lines": 0, "percent_statements_covered": 100.0, "percent_statements_covered_display": "100"}, "missing_lines": [], "excluded_lines": [], "start_line": 1}}, "classes": {"Settings": {"executed_lines": [], "summary": {"covered_lines": 0, "num_statements": 0, "percent_covered": 100.0, "percent_covered_display": "100", "missing_lines": 0, "excluded_lines": 0, "percent_statements_covered": 100.0, "percent_statements_covered_display": "100"}, "missing_lines": [], "excluded_lines": [], "start_line": 4}, "": {"executed_lines": [1, 4, 5, 7, 8, 9, 10, 11, 12, 13, 14, 15, 16, 19], "summary": {"covered_lines": 14, "num_statements": 14, "percent_covered": 100.0, "percent_covered_display": "100", "missing_lines": 0, "excluded_lines": 0, "percent_statements_covered": 100.0, "percent_statements_covered_display": "100"}, "missing_lines": [], "excluded_lines": [], "start_line": 1}}}, "app/core/database.py": {"executed_lines": [1, 2, 4, 6, 13, 14, 15, 20, 27], "summary": {"covered_lines": 9, "num_statements": 14, "percent_covered": 64.28571428571429, "percent_covered_display": "64", "missing_lines": 5, "excluded_lines": 0, "percent_statements_covered": 64.28571428571429, "percent_statements_covered_display": "64"}, "missing_lines": [16, 17, 18, 28, 29], "excluded_lines": [], "functions": {"_set_sqlite_pragma": {"executed_lines": [], "summary": {"covered_lines": 0, "num_statements": 3, "percent_covered": 0.0, "percent_covered_display": "0", "missing_lines": 3, "excluded_lines": 0, "percent_statements_covered": 0.0, "percent_statements_covered_display": "0"}, "missing_lines": [16, 17, 18], "excluded_lines": [], "start_line": 15}, "get_session": {"executed_lines": [], "summary": {"covered_lines": 0, "num_statements": 2, "percent_covered": 0.0, "percent_covered_display": "0", "missing_lines": 2, "excluded_lines": 0, "percent_statements_covered": 0.0, "percent_statements_covered_display": "0"}, "missing_lines": [28, 29], "excluded_lines": [], "start_line": 27}, "": {"executed_lines": [1, 2, 4, 6, 13, 14, 15, 20, 27], "summary": {"covered_lines": 9, "num_statements": 9, "percent_covered": 100.0, "percent_covered_display": "100", "mi
[...]
ay": "0", "missing_lines": 115, "excluded_lines": 0, "percent_statements_covered": 0.0, "percent_statements_covered_display": "0"}, "missing_lines": [9, 10, 11, 12, 13, 14, 16, 17, 18, 21, 23, 24, 25, 27, 29, 37, 44, 45, 47, 48, 49, 50, 52, 53, 54, 55, 56, 57, 58, 59, 60, 62, 63, 64, 66, 74, 76, 77, 78, 81, 82, 83, 84, 85, 86, 87, 88, 89, 91, 94, 95, 98, 99, 100, 101, 102, 104, 105, 108, 109, 110, 111, 113, 114, 115, 117, 118, 119, 120, 121, 122, 123, 124, 125, 126, 127, 128, 129, 130, 131, 133, 134, 136, 139, 140, 141, 142, 143, 144, 145, 149, 155, 156, 157, 162, 164, 165, 167, 168, 171, 172, 173, 175, 176, 178, 179, 180, 182, 185, 186, 187, 192, 193, 196, 197], "excluded_lines": [], "functions": {"_topo_sort": {"executed_lines": [], "summary": {"covered_lines": 0, "num_statements": 19, "percent_covered": 0.0, "percent_covered_display": "0", "missing_lines": 19, "excluded_lines": 0, "percent_statements_covered": 0.0, "percent_statements_covered_display": "0"}, "missing_lines": [44, 45, 47, 48, 49, 50, 52, 53, 54, 55, 56, 57, 58, 59, 60, 62, 63, 64, 66], "excluded_lines": [], "start_line": 37}, "_import": {"executed_lines": [], "summary": {"covered_lines": 0, "num_statements": 63, "percent_covered": 0.0, "percent_covered_display": "0", "missing_lines": 63, "excluded_lines": 0, "percent_statements_covered": 0.0, "percent_statements_covered_display": "0"}, "missing_lines": [76, 77, 78, 81, 82, 83, 84, 85, 86, 87, 88, 89, 91, 94, 95, 98, 99, 100, 101, 102, 104, 105, 108, 109, 110, 111, 113, 114, 115, 117, 118, 119, 120, 121, 122, 123, 124, 125, 126, 127, 128, 129, 130, 131, 133, 134, 136, 139, 140, 141, 142, 143, 144, 145, 149, 155, 156, 157, 162, 164, 165, 167, 168], "excluded_lines": [], "start_line": 74}, "run": {"executed_lines": [], "summary": {"covered_lines": 0, "num_statements": 8, "percent_covered": 0.0, "percent_covered_display": "0", "missing_lines": 8, "excluded_lines": 0, "percent_statements_covered": 0.0, "percent_statements_covered_display": "0"}, "missing_lines": [172, 173, 175, 176, 178, 179, 180, 182], "excluded_lines": [], "start_line": 171}, "main": {"executed_lines": [], "summary": {"covered_lines": 0, "num_statements": 4, "percent_covered": 0.0, "percent_covered_display": "0", "missing_lines": 4, "excluded_lines": 0, "percent_statements_covered": 0.0, "percent_statements_covered_display": "0"}, "missing_lines": [186, 187, 192, 193], "excluded_lines": [], "start_line": 185}, "": {"executed_lines": [], "summary": {"covered_lines": 0, "num_statements": 21, "percent_covered": 0.0, "percent_covered_display": "0", "missing_lines": 21, "excluded_lines": 0, "percent_statements_covered": 0.0, "percent_statements_covered_display": "0"}, "missing_lines": [9, 10, 11, 12, 13, 14, 16, 17, 18, 21, 23, 24, 25, 27, 29, 37, 74, 171, 185, 196, 197], "excluded_lines": [], "start_line": 1}}, "classes": {"": {"executed_lines": [], "summary": {"covered_lines": 0, "num_statements": 115, "percent_covered": 0.0, "percent_covered_display": "0", "missing_lines": 115, "excluded_lines": 0, "percent_statements_covered": 0.0, "percent_statements_covered_display": "0"}, "missing_lines": [9, 10, 11, 12, 13, 14, 16, 17, 18, 21, 23, 24, 25, 27, 29, 37, 44, 45, 47, 48, 49, 50, 52, 53, 54, 55, 56, 57, 58, 59, 60, 62, 63, 64, 66, 74, 76, 77, 78, 81, 82, 83, 84, 85, 86, 87, 88, 89, 91, 94, 95, 98, 99, 100, 101, 102, 104, 105, 108, 109, 110, 111, 113, 114, 115, 117, 118, 119, 120, 121, 122, 123, 124, 125, 126, 127, 128, 129, 130, 131, 133, 134, 136, 139, 140, 141, 142, 143, 144, 145, 149, 155, 156, 157, 162, 164, 165, 167, 168, 171, 172, 173, 175, 176, 178, 179, 180, 182, 185, 186, 187, 192, 193, 196, 197], "excluded_lines": [], "start_line": 1}}}, "app/services/__init__.py": {"executed_lines": [], "summary": {"covered_lines": 0, "num_statements": 0, "percent_covered": 100.0, "percent_covered_display": "100", "missing_lines": 0, "excluded_lines": 0, "percent_statements_covered": 100.0, "percent_statements_covered_display": "100"}, "missing_lines": [], "excluded_lines": [], "functions": {"": {"executed_lines": [], "summary": {"covered_lines": 0, "num_statements": 0, "percent_covered": 100.0, "percent_covered_display": "100", "missing_lines": 0, "excluded_lines": 0, "percent_statements_covered": 100.0, "percent_statements_covered_display": "100"}, "missing_lines": [], "excluded_lines": [], "start_line": 1}}, "classes": {"": {"executed_lines": [], "summary": {"covered_lines": 0, "num_statements": 0, "percent_covered": 100.0, "percent_covered_display": "100", "missing_lines": 0, "excluded_lines": 0, "percent_statements_covered": 100.0, "percent_statements_covered_display": "100"}, "missing_lines": [], "excluded_lines": [], "start_line": 1}}}, "app/services/achievement_service.py": {"executed_lines": [1, 2, 4, 6, 7, 15, 16, 17, 18, 32, 41, 42, 44, 48, 52, 53, 54, 55, 56, 58, 59, 60, 61, 62, 63, 67, 74, 75, 76, 77, 86, 89, 92, 98, 99, 100, 102, 107, 114, 115, 134, 135, 136, 137, 138, 139, 140, 141, 146, 149, 156, 157, 158, 159, 161, 162, 166, 167, 168, 169, 170, 171, 172, 173, 174, 175, 176, 177, 178, 179, 181, 182, 183, 190, 199, 209, 213, 214, 215, 216, 217, 218, 219, 222, 227, 228, 229, 230, 233, 234, 235, 237, 238, 239, 244, 245, 246, 247, 248, 249, 250, 251, 252, 253, 256, 257, 258, 259, 260, 261, 262, 265, 273], "summary": {"covered_lines": 113, "num_statements": 117, "percent_covered": 96.58119658119658, "percent_covered_display": "97", "missing_lines": 4, "excluded_lines": 0, "percent_statements_covered": 96.58119658119658, "percent_statements_covered_display": "97"}, "missing_lines": [184, 185, 186, 264], "excluded_lines": [], "functions": {"get_user_achievement_tree": {"executed_lines": [41, 42, 44, 48, 52, 53, 54, 55, 56, 58, 59, 60, 61, 62, 63, 67, 74, 75, 76, 77, 86], "summary": {"covered_lines": 21, "num_statements": 21, "percent_covered": 100.0, "percent_covered_display": "100", "missing_lines": 0, "excluded_lines": 0, "percent_statements_covered": 100.0, "percent_statements_covered_display": "100"}, "missing_lines": [], "excluded_lines": [], "start_line": 32}, "get_user_achievements_by_status": {"executed_lines": [98, 99, 100, 102, 107], "summary": {"covered_lines": 5, "num_statements": 5, "percent_covered": 100.0, "percent_covered_display": "100", "missing_lines": 0, "excluded_lines": 0, "percent_statements_covered": 100.0, "percent_statements_covered_display": "100"}, "missing_lines": [], "excluded_lines": [], "start_line": 92}, "_to_ach_node": {"executed_lines": [115], "summary": {"covered_lines": 1, "num_statements": 1, "percent_covered": 100.0, "percent_covered_display": "100", "missing_lines": 0, "excluded_lines": 0, "percent_statements_covered": 100.0, "percent_statements_covered_display": "100"}, "missing_lines": [], "excluded_lines": [], "start_line": 114}, "_build_edges": {"executed_lines": [135, 136, 137, 138, 139, 140, 141, 146], "summary": {"covered_lines": 8, "num_statements": 8, "percent_covered": 100.0, "percent_covered_display": "100", "missing_lines": 0, "excluded_lines": 0, "percent_statements_covered": 100.0, "percent_statements_covered_display": "100"}, "missing_lines": [], "excluded_lines": [], "start_line": 134}, "get_user_tree_graph": {"executed_lines": [156, 157, 158, 159, 161, 162, 166, 167, 168, 169, 170, 171, 172, 173, 174, 175, 176, 177, 178, 179, 181, 182, 183, 190, 199], "summary": {"covered_lines": 25, "num_statements": 28, "percent_covered": 89.28571428571429, "percent_covered_display": "89", "missing_lines": 3, "excluded_lines": 0, "percent_statements_covered": 89.28571428571429, "percent_statements_covered_display": "89"}, "missing_lines": [184, 185, 186], "excluded_lines": [], "start_line": 149}, "get_group_members_list": {"executed_lines": [213, 214, 215, 216, 217, 218, 219], "summary": {"covered_lines": 7, "num_statements": 7, "percent_covered": 100.0, "percent_covered_display": "100", "missing_lines": 0, "excluded_lines": 0, "percent_statements_covered": 100.0, "percent_statements_covered_display": "100"}, "missing_lines": [], "excluded_lines": [], "start_line": 209}, "get_group_aggregate_tree": {"executed_lines": [227, 228, 229, 230, 233, 234, 235, 237, 238, 239, 244, 245, 246, 247, 248, 249, 250, 251, 252, 253, 256, 257, 258, 259, 260, 261, 262, 265, 273], "summary": {"covered_lines": 29, "num_statements": 30, "percent_covered": 96.66666666666667, "percent_covered_display": "97", "missing_lines": 1, "excluded_lines": 0, "percent_statements_covered": 96.66666666666667, "percent_statements_covered_display": "97"}, "missing_lines": [264], "excluded_lines": [], "start_line": 222}, "": {"executed_lines": [1, 2, 4, 6, 7, 15, 16, 17, 18, 32, 89, 92, 114, 134, 149, 209, 222], "summary": {"covered_lines": 17, "num_statements": 17, "percent_covered": 100.0, "percent_covered_display": "100", "missing_lines": 0, "excluded_lines": 0, "percent_statements_covered": 100.0, "percent_statements_covered_display": "100"}, "missing_lines": [], "excluded_lines": [], "start_line": 1}}, "classes": {"": {"executed_lines": [1, 2, 4, 6, 7, 15, 16, 17, 18, 32, 41, 42, 44, 48, 52, 53, 54, 55, 56, 58, 59, 60, 61, 62, 63, 67, 74, 75, 76, 77, 86, 89, 92, 98, 99, 100, 102, 107, 114, 115, 134, 135, 136, 137, 138, 139, 140, 141, 146, 149, 156, 157, 158, 159, 161, 162, 166, 167, 168, 169, 170, 171, 172, 173, 174, 175, 176, 177, 178, 179, 181, 182, 183, 190, 199, 209, 213, 214, 215, 216, 217, 218, 219, 222, 227, 228, 229, 230, 233, 234, 235, 237, 238, 239, 244, 245, 246, 247, 248, 249, 250, 251, 252, 253, 256, 257, 258, 259, 260, 261, 262, 265, 273], "summary": {"covered_lines": 113, "num_statements": 117, "percent_covered": 96.58119658119658, "percent_covered_display": "97", "missing_lines": 4, "excluded_lines": 0, "percent_statements_covered": 96.58119658119658, "percent_statements_covered_display": "97"}, "missing_lines": [184, 185, 186, 264], "excluded_lines": [], "start_line": 1}}}, "app/services/admin_service.py": {"executed_lines": [3, 5, 7, 8, 22, 23, 31, 37, 38, 39, 40, 41, 42, 45, 51, 52, 53, 61, 64, 65, 66, 67, 68, 81, 82, 85, 91, 92, 93, 94, 96, 97, 98, 99, 100, 101, 102, 103, 104, 105, 106, 107, 108, 109, 112, 115, 116, 117, 130, 142, 143, 144, 146, 147, 148, 150, 151, 152, 154, 155, 156, 158, 159, 160, 161, 162, 163, 168, 169, 177, 179, 180, 183, 188, 189, 190, 191, 192, 193, 194, 195, 196, 197], "summary": {"covered_lines": 83, "num_statements": 83, "percent_covered": 100.0, "percent_covered_display": "100", "missing_lines": 0, "excluded_lines": 0, "percent_statements_covered": 100.0, "percent_statements_covered_display": "100"}, "missing_lines": [], "excluded_lines": [], "functions": {"create_category_safe": {"executed_lines": [37, 38, 39, 40, 41, 42], "summary": {"covered_lines": 6, "num_statements": 6, "percent_covered": 100.0, "percent_covered_display": "100", "missing_lines": 0, "excluded_lines": 0, "percent_statements_covered": 100.0, "percent_statements_covered_display": "100"}, "missing_lines": [], "excluded_lines": [], "start_line": 31}, "update_category_safe": {"executed_lines": [51, 52, 53], "summary": {"covered_lines": 3, "num_statements": 3, "percent_covered": 100.0, "percent_covered_display": "100", "missing_lines": 0, "excluded_lines": 0, "percent_statements_covered": 100.0, "percent_statements_covered_display": "100"}, "missing_lines": [], "excluded_lines": [], "start_line": 45}, "create_achievement_safe": {"executed_lines": [64, 65, 66, 67, 68, 81, 82], "summary": {"covered_lines": 7, "num_statements": 7, "percent_covered": 100.0, "percent_covered_display": "100", "missing_lines": 0, "excluded_lines": 0, "percent_statements_covered": 100.0, "percent_statements_covered_display": "100"}, "missing_lines": [], "excluded_lines": [], "start_line": 61}, "update_achievement_safe": {"executed_lines": [91, 92, 93, 94, 96, 97, 98, 99, 100, 101, 102, 103, 104, 105, 106, 107, 108, 109], "summary": {"covered_lines": 18, "num_statements": 18, "percent_covered": 100.0, "percent_covered_display": "100", "missing_lines": 0, "excluded_lines": 0, "percent_statements_covered": 100.0, "percent_statements_covered_display": "100"}, "missing_lines": [], "excluded_lines": [], "start_line": 85}, "deactivate_achievement_safe": {"executed_lines": [115, 116, 117], "summary": {"covered_lines": 3, "num_statements": 3, "percent_covered": 100.0, "percent_covered_display": "100", "missing_lines": 0, "excluded_lines": 0, "percent_statements_covered": 100.0, "percent_statements_covered_display": "100"}, "missing_lines": [], "excluded_lines": [], "start_line": 112}, "grant_achievement_safe": {"executed_lines": [142, 143, 144, 146, 147, 148, 150, 151, 152, 154, 155, 156, 158, 159, 160, 161, 162, 163, 168, 169, 177, 179, 180], "summary": {"covered_lines": 23, "num_statements": 23, "percent_covered": 100.0, "percent_covered_display": "100", "missing_lines": 0, "excluded_lines": 0, "percent_statements_covered": 100.0, "percent_statements_covered_display": "100"}, "missing_lines": [], "excluded_lines": [], "start_line": 130}, "toggle_prerequisite_safe": {"executed_lines": [188, 189, 190, 191, 192, 193, 194, 195, 196, 197], "summary": {"covered_lines": 10, "num_statements": 10, "percent_covered": 100.0, "percent_covered_display": "100", "missing_lines": 0, "excluded_lines": 0, "percent_statements_covered": 100.0, "percent_statements_covered_display": "100"}, "missing_lines": [], "excluded_lines": [], "start_line": 183}, "": {"executed_lines": [3, 5, 7, 8, 22, 23, 31, 45, 61, 85, 112, 130, 183], "summary": {"covered_lines": 13, "num_statements": 13, "percent_covered": 100.0, "percent_covered_display": "100", "missing_lines": 0, "excluded_lines": 0, "percent_statements_covered": 100.0, "percent_statements_covered_display": "100"}, "missing_lines": [], "excluded_lines": [], "start_line": 1}}, "classes": {"AdminError": {"executed_lines": [], "summary": {"covered_lines": 0, "num_statements": 0, "percent_covered": 100.0, "percent_covered_display": "100", "missing_lines": 0, "excluded_lines": 0, "percent_statements_covered": 100.0, "percent_statements_covered_display": "100"}, "missing_lines": [], "excluded_lines": [], "start_line": 22}, "": {"executed_lines": [3, 5, 7, 8, 22, 23, 31, 37, 38, 39, 40, 41, 42, 45, 51, 52, 53, 61, 64, 65, 66, 67, 68, 81, 82, 85, 91, 92, 93, 94, 96, 97, 98, 99, 100, 101, 102, 103, 104, 105, 106, 107, 108, 109, 112, 115, 116, 117, 130, 142, 143, 144, 146, 147, 148, 150, 151, 152, 154, 155, 156, 158, 159, 160, 161, 162, 163, 168, 169, 177, 179, 180, 183, 188, 189, 190, 191, 192, 193, 194, 195, 196, 197], "summary": {"covered_lines": 83, "num_statements": 83, "percent_covered": 100.0, "percent_covered_display": "100", "missing_lines": 0, "excluded_lines": 0, "percent_statements_covered": 100.0, "percent_statements_covered_display": "100"}, "missing_lines": [], "excluded_lines": [], "start_line": 1}}}, "app/services/claim_service.py": {"executed_lines": [1, 2, 3, 5, 7, 8, 15, 22, 24, 27, 28, 31, 39, 40, 41, 44, 45, 46, 49, 50, 51, 53, 54, 57, 58, 59, 60, 61, 62, 63, 64, 65, 66, 67, 68, 69, 70, 71, 74, 75, 76, 77, 78, 79, 80, 81, 82, 87, 90, 98, 99, 100, 101, 104, 114, 115, 117, 118, 119, 120, 121, 123, 124, 129, 131, 132, 133, 134, 135, 136, 137, 139, 140, 142, 143, 144, 152, 153, 155, 158, 167, 168, 169, 170, 171, 174, 175, 176, 178, 180, 181, 182, 183, 185, 187, 188, 200, 222, 231, 233, 234, 235, 237, 250, 256, 257, 258, 259, 260, 262, 263, 264, 266, 267, 268, 269, 270, 272, 280, 281, 282, 283, 286, 291, 292, 293, 294, 295, 296, 297, 299, 300, 301], "summary": {"covered_lines": 133, "num_statements": 135, "percent_covered": 98.51851851851852, "percent_covered_display": "99", "missing_lines": 2, "excluded_lines": 0, "percent_statements_covered": 98.51851851851852, "percent_statements_covered_display": "99"}, "missing_lines": [201, 209], "excluded_lines": [], "functions": {"submit_claim": {"executed_lines": [39, 40, 41, 44, 45, 46, 49, 50, 51, 53, 54, 57, 58, 59, 60, 61, 62, 63, 64, 65, 66, 67, 68, 69, 70, 71, 74, 75, 76, 77, 78, 79, 80, 81, 82, 87, 90, 98, 99, 100, 101], "summary": {"covered_lines": 41, "num_statements": 41, "percent_covered": 100.0, "percent_covered_display": "100", "missing_lines": 0, "excluded_lines": 0, "percent_statements_covered": 100.0, "percent_statements_covered_display": "100"}, "missing_lines": [], "excluded_lines": [], "start_line": 31}, "_process_auto_grants": {"executed_lines": [114, 115, 117, 118, 119, 120, 121, 123, 124, 129, 131, 132, 133, 134, 135, 136, 137, 139, 140, 142, 143, 144, 152, 153, 155], "summary": {"covered_lines": 25, "num_statements": 25, "percent_covered": 100.0, "percent_covered_display": "100", "missing_lines": 0, "excluded_lines": 0, "percent_statements_covered": 100.0, "percent_statements_covered_display": "100"}, "missing_lines": [], "excluded_lines": [], "start_line": 104}, "approve_claim": {"executed_lines": [167, 168, 169, 170, 171, 174, 175, 176, 178, 180, 181, 182, 183, 185, 187, 188, 200, 222, 231, 233, 234, 235, 237], "summary": {"covered_lines": 23, "num_statements": 25, "percent_covered": 92.0, "percent_covered_display": "92", "missing_lines": 2, "excluded_lines": 0, "percent_statements_covered": 92.0, "percent_statements_covered_display": "92"}, "missing_lines": [201, 209], "excluded_lines": [], "start_line": 158}, "reject_claim": {"executed_lines": [256, 257, 258, 259, 260, 262, 263, 264, 266, 267, 268, 269, 270, 272, 280, 281, 282, 283], "summary": {"covered_lines": 18, "num_statements": 18, "percent_covered": 100.0, "percent_covered_display": "100", "missing_lines": 0, "excluded_lines": 0, "percent_statements_covered": 100.0, "percent_statements_covered_display": "100"}, "missing_lines": [], "excluded_lines": [], "start_line": 250}, "cancel_claim": {"executed_lines": [291, 292, 293, 294, 295, 296, 297, 299, 300, 301], "summary": {"covered_lines": 10, "num_statements": 10, "percent_covered": 100.0, "percent_covered_display": "100", "missing_lines": 0, "excluded_lines": 0, "percent_statements_covered": 100.0, "percent_statements_covered_display": "100"}, "missing_lines": [], "excluded_lines": [], "start_line": 286}, "": {"executed_lines": [1, 2, 3, 5, 7, 8, 15, 22, 24, 27, 28, 31, 104, 158, 250, 286], "summary": {"covered_lines": 16, "num_statements": 16, "percent_covered": 100.0, "percent_covered_display": "100", "missing_lines": 0, "excluded_lines": 0, "percent_statements_covered": 100.0, "percent_statements_covered_display": "100"}, "missing_lines": [], "excluded_lines": [], "start_line": 1}}, "classes": {"ClaimError": {"executed_lines": [], "summary": {"covered_lines": 0, "num_statements": 0, "percent_covered": 100.0, "percent_covered_display": "100", "missing_lines": 0, "excluded_lines": 0, "percent_statements_covered": 100.0, "percent_statements_covered_display": "100"}, "missing_lines": [], "excluded_lines": [], "start_line": 27}, "": {"executed_lines": [1, 2, 3, 5, 7, 8, 15, 22, 24, 27, 28, 31, 39, 40, 41, 44, 45, 46, 49, 50, 51, 53, 54, 57, 58, 59, 60, 61, 62, 63, 64, 65, 66, 67, 68, 69, 70, 71, 74, 75, 76, 77, 78, 79, 80, 81, 82, 87, 90, 98, 99, 100, 101, 104, 114, 115, 117, 118, 119, 120, 121, 123, 124, 129, 131, 132, 133, 134, 135, 136, 137, 139, 140, 142, 143, 144, 152, 153, 155, 158, 167, 168, 169, 170, 171, 174, 175, 176, 178, 180, 181, 182, 183, 185, 187, 188, 200, 222, 231, 233, 234, 235, 237, 250, 256, 257, 258, 259, 260, 262, 263, 264, 266, 267, 268, 269, 270, 272, 280, 281, 282, 283, 286, 291, 292, 293, 294, 295, 296, 297, 299, 300, 301], "summary": {"covered_lines": 133, "num_statements": 135, "percent_covered": 98.51851851851852, "percent_covered_display": "99", "missing_lines": 2, "excluded_lines": 0, "percent_statements_covered": 98.51851851851852, "percent_statements_covered_display": "99"}, "missing_lines": [201, 209], "excluded_lines": [], "start_line": 1}}}}, "totals": {"covered_lines": 1093, "num_statements": 2769, "percent_covered": 39.47273383893102, "percent_covered_display": "39", "missing_lines": 1676, "excluded_lines": 0, "percent_statements_covered": 39.47273383893102, "percent_statements_covered_display": "39"}}